Using pre-set license

 COMMAND LINE ARGUMENTS:
/Applications/Unity/Hub/Editor/2020.3.6f1/Unity.app/Contents/MacOS/Unity
-adb2
-batchMode
-noUpm
-name
AssetImportWorker1
-projectPath
/Users/gaurav/Unity/Project PPP
-logFile
Logs/AssetImportWorker1.log
-srvPort
59930
Successfully changed project path to: /Users/gaurav/Unity/Project PPP
/Users/gaurav/Unity/Project PPP
Using Asset Import Pipeline V2.
Refreshing native plugins compatible for Editor in 37.94 ms, found 1 plugins.
Preloading 0 native plugins for Editor in 0.00 ms.
Initialize engine version: 2020.3.6f1 (338bb68529b2)
[Subsystems] Discovering subsystems at path /Applications/Unity/Hub/Editor/2020.3.6f1/Unity.app/Contents/Resources/UnitySubsystems
[Subsystems] Discovering subsystems at path /Users/gaurav/Unity/Project PPP/Assets
GfxDevice: creating device client; threaded=0
2023-08-03 21:35:22.111 Unity[19709:2988202] Color LCD preferred device: Intel(R) Iris(TM) Graphics 6000 (low power)
2023-08-03 21:35:22.111 Unity[19709:2988202] Metal devices available: 1
2023-08-03 21:35:22.111 Unity[19709:2988202] 0: Intel(R) Iris(TM) Graphics 6000 (low power)
2023-08-03 21:35:22.112 Unity[19709:2988202] Using device Intel(R) Iris(TM) Graphics 6000 (low power)
Initializing Metal device caps: Intel(R) Iris(TM) Graphics 6000
Initialize mono
Mono path[0] = '/Applications/Unity/Hub/Editor/2020.3.6f1/Unity.app/Contents/Managed'
Mono path[1] = '/Applications/Unity/Hub/Editor/2020.3.6f1/Unity.app/Contents/MonoBleedingEdge/lib/mono/unityjit'
Mono config path = '/Applications/Unity/Hub/Editor/2020.3.6f1/Unity.app/Contents/MonoBleedingEdge/etc'
Using monoOptions --debugger-agent=transport=dt_socket,embedding=1,server=y,suspend=n,address=127.0.0.1:56709
Begin MonoManager ReloadAssembly
Registering precompiled unity dll's ...
Register platform support module: /Applications/Unity/Hub/Editor/2020.3.6f1/PlaybackEngines/WebGLSupport/UnityEditor.WebGL.Extensions.dll
Register platform support module: /Applications/Unity/Hub/Editor/2020.3.6f1/Unity.app/Contents/PlaybackEngines/MacStandaloneSupport/UnityEditor.OSXStandalone.Extensions.dll
Registered in 0.000624 seconds.
Native extension for OSXStandalone target not found
Native extension for WebGL target not found
Refreshing native plugins compatible for Editor in 35.31 ms, found 1 plugins.
Preloading 0 native plugins for Editor in 0.00 ms.
Mono: successfully reloaded assembly
- Completed reload, in  7.547 seconds
Platform modules already initialized, skipping
Registering precompiled user dll's ...
Registered in 0.000538 seconds.
Begin MonoManager ReloadAssembly
Native extension for OSXStandalone target not found
Native extension for WebGL target not found
Refreshing native plugins compatible for Editor in 0.24 ms, found 1 plugins.
Preloading 0 native plugins for Editor in 0.00 ms.
Mono: successfully reloaded assembly
- Completed reload, in  1.670 seconds
Platform modules already initialized, skipping
========================================================================
Worker process is ready to serve import requests
Launching external process: /Applications/Unity/Hub/Editor/2020.3.6f1/Unity.app/Contents/Tools/UnityShaderCompiler
Launched and connected shader compiler UnityShaderCompiler after 0.03 seconds
Refreshing native plugins compatible for Editor in 0.26 ms, found 1 plugins.
Preloading 0 native plugins for Editor in 0.00 ms.
Unloading 1161 Unused Serialized files (Serialized files now loaded: 0)
System memory in use before: 114.3 MB.
System memory in use after: 114.3 MB.

Unloading 10 unused Assets to reduce memory usage. Loaded Objects now: 1604.
Total: 3.098709 ms (FindLiveObjects: 0.304615 ms CreateObjectMapping: 0.078532 ms MarkObjects: 2.612776 ms  DeleteObjects: 0.100198 ms)

========================================================================
Received Import Request.
  path: Assets/Scenes/Lvl_91.unity
  artifactKey: Guid(e22002a4390824baf80f1703a16af9e9) Importer(815301076,1909f56bfc062723c751e8b465ee728b)
Start importing Assets/Scenes/Lvl_91.unity using Guid(e22002a4390824baf80f1703a16af9e9) Importer(815301076,1909f56bfc062723c751e8b465ee728b)  -> (artifact id: '875eea1566db052e407d6cff9e478b22') in 0.013668 seconds
  Import took 0.016307 seconds .

========================================================================
Received Import Request.
  Time since last request: 2.796396 seconds.
  path: Assets/Scenes/Lvl_91.unity
  artifactKey: Guid(e22002a4390824baf80f1703a16af9e9) Importer(815301076,1909f56bfc062723c751e8b465ee728b)
Start importing Assets/Scenes/Lvl_91.unity using Guid(e22002a4390824baf80f1703a16af9e9) Importer(815301076,1909f56bfc062723c751e8b465ee728b)  -> (artifact id: '875eea1566db052e407d6cff9e478b22') in 0.002019 seconds
  Import took 0.004861 seconds .

========================================================================
Received Prepare
Registering precompiled user dll's ...
Registered in 0.000466 seconds.
Begin MonoManager ReloadAssembly
Native extension for OSXStandalone target not found
Native extension for WebGL target not found
Refreshing native plugins compatible for Editor in 0.26 ms, found 1 plugins.
Preloading 0 native plugins for Editor in 0.00 ms.
Mono: successfully reloaded assembly
- Completed reload, in  1.292 seconds
Platform modules already initialized, skipping
Refreshing native plugins compatible for Editor in 0.26 ms, found 1 plugins.
Preloading 0 native plugins for Editor in 0.00 ms.
Unloading 1156 Unused Serialized files (Serialized files now loaded: 0)
System memory in use before: 114.5 MB.
System memory in use after: 114.5 MB.

Unloading 5 unused Assets to reduce memory usage. Loaded Objects now: 1607.
Total: 1.944077 ms (FindLiveObjects: 0.169789 ms CreateObjectMapping: 0.041545 ms MarkObjects: 1.660346 ms  DeleteObjects: 0.070868 ms)

========================================================================
Received Import Request.
  Time since last request: 50.827248 seconds.
  path: Assets/Materials/Lvl_8_Ground.mat
  artifactKey: Guid(2579c4e5fb00b451bb620d4e33ee24b4) Importer(815301076,1909f56bfc062723c751e8b465ee728b)
Start importing Assets/Materials/Lvl_8_Ground.mat using Guid(2579c4e5fb00b451bb620d4e33ee24b4) Importer(815301076,1909f56bfc062723c751e8b465ee728b)  -> (artifact id: 'bf86955ffad7f0dbd2d84f8dc6c37d00') in 0.555323 seconds
  Import took 0.558208 seconds .

========================================================================
Received Import Request.
  Time since last request: 2.167465 seconds.
  path: Assets/Materials/Lvl_8_Ground.mat
  artifactKey: Guid(2579c4e5fb00b451bb620d4e33ee24b4) Importer(815301076,1909f56bfc062723c751e8b465ee728b)
Start importing Assets/Materials/Lvl_8_Ground.mat using Guid(2579c4e5fb00b451bb620d4e33ee24b4) Importer(815301076,1909f56bfc062723c751e8b465ee728b)  -> (artifact id: 'bf86955ffad7f0dbd2d84f8dc6c37d00') in 0.014928 seconds
  Import took 0.017482 seconds .

========================================================================
Received Prepare
Registering precompiled user dll's ...
Registered in 0.000454 seconds.
Begin MonoManager ReloadAssembly
Native extension for OSXStandalone target not found
Native extension for WebGL target not found
Refreshing native plugins compatible for Editor in 0.25 ms, found 1 plugins.
Preloading 0 native plugins for Editor in 0.00 ms.
Mono: successfully reloaded assembly
- Completed reload, in  1.423 seconds
Platform modules already initialized, skipping
Refreshing native plugins compatible for Editor in 0.28 ms, found 1 plugins.
Preloading 0 native plugins for Editor in 0.00 ms.
Unloading 1156 Unused Serialized files (Serialized files now loaded: 0)
System memory in use before: 123.2 MB.
System memory in use after: 123.2 MB.

Unloading 5 unused Assets to reduce memory usage. Loaded Objects now: 1650.
Total: 3.554620 ms (FindLiveObjects: 0.449305 ms CreateObjectMapping: 0.158760 ms MarkObjects: 2.844191 ms  DeleteObjects: 0.099403 ms)

========================================================================
Received Prepare
Registering precompiled user dll's ...
Registered in 0.000427 seconds.
Begin MonoManager ReloadAssembly
Native extension for OSXStandalone target not found
Native extension for WebGL target not found
Refreshing native plugins compatible for Editor in 0.25 ms, found 1 plugins.
Preloading 0 native plugins for Editor in 0.00 ms.
Mono: successfully reloaded assembly
- Completed reload, in  1.306 seconds
Platform modules already initialized, skipping
Refreshing native plugins compatible for Editor in 0.36 ms, found 1 plugins.
Preloading 0 native plugins for Editor in 0.00 ms.
Unloading 1156 Unused Serialized files (Serialized files now loaded: 0)
System memory in use before: 123.4 MB.
System memory in use after: 123.4 MB.

Unloading 5 unused Assets to reduce memory usage. Loaded Objects now: 1653.
Total: 3.453466 ms (FindLiveObjects: 0.262189 ms CreateObjectMapping: 0.083200 ms MarkObjects: 3.001249 ms  DeleteObjects: 0.102406 ms)

========================================================================
Received Import Request.
  Time since last request: 819.681139 seconds.
  path: Assets/Scenes/Lvl_91.unity
  artifactKey: Guid(e22002a4390824baf80f1703a16af9e9) Importer(815301076,1909f56bfc062723c751e8b465ee728b)
Start importing Assets/Scenes/Lvl_91.unity using Guid(e22002a4390824baf80f1703a16af9e9) Importer(815301076,1909f56bfc062723c751e8b465ee728b)  -> (artifact id: '7ab9fc0062ed6b6668b1f11a0e5c6d26') in 0.022569 seconds
  Import took 0.026463 seconds .

========================================================================
Received Import Request.
  Time since last request: 8.401402 seconds.
  path: Assets/Scenes/Lvl_92.unity
  artifactKey: Guid(2b96314578abc4757b136ad85c91ec1b) Importer(815301076,1909f56bfc062723c751e8b465ee728b)
Start importing Assets/Scenes/Lvl_92.unity using Guid(2b96314578abc4757b136ad85c91ec1b) Importer(815301076,1909f56bfc062723c751e8b465ee728b)  -> (artifact id: '6b1cebfb00c9564c7a9b072ba00f3a2b') in 0.002370 seconds
  Import took 0.007057 seconds .

========================================================================
Received Import Request.
  Time since last request: 5.060004 seconds.
  path: Assets/Scenes/Lvl_93.unity
  artifactKey: Guid(76b9b1776d62643d7a6ea73b0c65133c) Importer(815301076,1909f56bfc062723c751e8b465ee728b)
Start importing Assets/Scenes/Lvl_93.unity using Guid(76b9b1776d62643d7a6ea73b0c65133c) Importer(815301076,1909f56bfc062723c751e8b465ee728b)  -> (artifact id: '3d16206d67eecef63dbac2b4f3ad0d1e') in 0.003226 seconds
  Import took 0.009040 seconds .

========================================================================
Received Import Request.
  Time since last request: 92.257958 seconds.
  path: Assets/Scenes/Lvl_0.unity
  artifactKey: Guid(9fc0d4010bbf28b4594072e72b8655ab) Importer(815301076,1909f56bfc062723c751e8b465ee728b)
Start importing Assets/Scenes/Lvl_0.unity using Guid(9fc0d4010bbf28b4594072e72b8655ab) Importer(815301076,1909f56bfc062723c751e8b465ee728b)  -> (artifact id: '779e8843339c69fa3393f0da79ad71e5') in 0.002108 seconds
  Import took 0.007405 seconds .

========================================================================
Received Prepare
Registering precompiled user dll's ...
Registered in 0.000536 seconds.
Begin MonoManager ReloadAssembly
Native extension for OSXStandalone target not found
Native extension for WebGL target not found
Refreshing native plugins compatible for Editor in 0.45 ms, found 1 plugins.
Preloading 0 native plugins for Editor in 0.00 ms.
Mono: successfully reloaded assembly
- Completed reload, in  2.375 seconds
Platform modules already initialized, skipping
Refreshing native plugins compatible for Editor in 0.32 ms, found 1 plugins.
Preloading 0 native plugins for Editor in 0.00 ms.
Unloading 1156 Unused Serialized files (Serialized files now loaded: 0)
System memory in use before: 123.6 MB.
System memory in use after: 123.6 MB.

Unloading 5 unused Assets to reduce memory usage. Loaded Objects now: 1656.
Total: 2.581944 ms (FindLiveObjects: 0.375071 ms CreateObjectMapping: 0.144511 ms MarkObjects: 1.995524 ms  DeleteObjects: 0.064867 ms)

========================================================================
Received Prepare
Registering precompiled user dll's ...
Registered in 0.000670 seconds.
Begin MonoManager ReloadAssembly
Native extension for OSXStandalone target not found
Native extension for WebGL target not found
Refreshing native plugins compatible for Editor in 0.30 ms, found 1 plugins.
Preloading 0 native plugins for Editor in 0.00 ms.
Mono: successfully reloaded assembly
- Completed reload, in  1.548 seconds
Platform modules already initialized, skipping
Refreshing native plugins compatible for Editor in 0.26 ms, found 1 plugins.
Preloading 0 native plugins for Editor in 0.00 ms.
Unloading 1156 Unused Serialized files (Serialized files now loaded: 0)
System memory in use before: 123.8 MB.
System memory in use after: 123.8 MB.

Unloading 5 unused Assets to reduce memory usage. Loaded Objects now: 1659.
Total: 2.490607 ms (FindLiveObjects: 0.241828 ms CreateObjectMapping: 0.050676 ms MarkObjects: 2.135744 ms  DeleteObjects: 0.060759 ms)

========================================================================
Received Prepare
Registering precompiled user dll's ...
Registered in 0.000467 seconds.
Begin MonoManager ReloadAssembly
Native extension for OSXStandalone target not found
Native extension for WebGL target not found
Refreshing native plugins compatible for Editor in 0.49 ms, found 1 plugins.
Preloading 0 native plugins for Editor in 0.00 ms.
Mono: successfully reloaded assembly
- Completed reload, in  1.285 seconds
Platform modules already initialized, skipping
Refreshing native plugins compatible for Editor in 0.25 ms, found 1 plugins.
Preloading 0 native plugins for Editor in 0.00 ms.
Unloading 1156 Unused Serialized files (Serialized files now loaded: 0)
System memory in use before: 124.0 MB.
System memory in use after: 124.0 MB.

Unloading 5 unused Assets to reduce memory usage. Loaded Objects now: 1662.
Total: 2.620537 ms (FindLiveObjects: 0.385875 ms CreateObjectMapping: 0.056825 ms MarkObjects: 2.114154 ms  DeleteObjects: 0.061544 ms)

========================================================================
Received Import Request.
  Time since last request: 222.451991 seconds.
  path: Assets/Prefabs/Canvas.prefab
  artifactKey: Guid(dd63f1de326b442a39091f76ddc1cf71) Importer(815301076,1909f56bfc062723c751e8b465ee728b)
Start importing Assets/Prefabs/Canvas.prefab using Guid(dd63f1de326b442a39091f76ddc1cf71) Importer(815301076,1909f56bfc062723c751e8b465ee728b)  -> (artifact id: 'ffd85c3f90bd817f0fd224c3ebed38a5') in 0.368381 seconds
  Import took 0.374357 seconds .

========================================================================
Received Import Request.
  Time since last request: 21.681146 seconds.
  path: Assets/Animations/Pause.controller
  artifactKey: Guid(0bb24f3bdac234eb996ad46ec7b08914) Importer(815301076,1909f56bfc062723c751e8b465ee728b)
Start importing Assets/Animations/Pause.controller using Guid(0bb24f3bdac234eb996ad46ec7b08914) Importer(815301076,1909f56bfc062723c751e8b465ee728b)  -> (artifact id: '940431dae7e6ec3a9f4448025f20ac20') in 0.304176 seconds
  Import took 0.306878 seconds .

========================================================================
Received Import Request.
  Time since last request: 0.052509 seconds.
  path: Assets/Animations/Pause.controller
  artifactKey: Guid(0bb24f3bdac234eb996ad46ec7b08914) Importer(815301076,1909f56bfc062723c751e8b465ee728b)
Start importing Assets/Animations/Pause.controller using Guid(0bb24f3bdac234eb996ad46ec7b08914) Importer(815301076,1909f56bfc062723c751e8b465ee728b)  -> (artifact id: 'ebcc7893452857659694665a6287bb5a') in 0.015024 seconds
  Import took 0.019649 seconds .

========================================================================
Received Prepare
Registering precompiled user dll's ...
Registered in 0.000440 seconds.
Begin MonoManager ReloadAssembly
Native extension for OSXStandalone target not found
Native extension for WebGL target not found
Refreshing native plugins compatible for Editor in 0.28 ms, found 1 plugins.
Preloading 0 native plugins for Editor in 0.00 ms.
Mono: successfully reloaded assembly
- Completed reload, in  1.454 seconds
Platform modules already initialized, skipping
Refreshing native plugins compatible for Editor in 0.24 ms, found 1 plugins.
Preloading 0 native plugins for Editor in 0.00 ms.
Unloading 1156 Unused Serialized files (Serialized files now loaded: 0)
System memory in use before: 132.7 MB.
System memory in use after: 132.8 MB.

Unloading 6 unused Assets to reduce memory usage. Loaded Objects now: 1665.
Total: 3.390575 ms (FindLiveObjects: 0.374428 ms CreateObjectMapping: 0.081203 ms MarkObjects: 2.813409 ms  DeleteObjects: 0.118203 ms)

========================================================================
Received Prepare
Registering precompiled user dll's ...
Registered in 0.000469 seconds.
Begin MonoManager ReloadAssembly
Native extension for OSXStandalone target not found
Native extension for WebGL target not found
Refreshing native plugins compatible for Editor in 0.26 ms, found 1 plugins.
Preloading 0 native plugins for Editor in 0.00 ms.
Mono: successfully reloaded assembly
- Completed reload, in  1.342 seconds
Platform modules already initialized, skipping
Refreshing native plugins compatible for Editor in 0.28 ms, found 1 plugins.
Preloading 0 native plugins for Editor in 0.00 ms.
Unloading 1156 Unused Serialized files (Serialized files now loaded: 0)
System memory in use before: 133.0 MB.
System memory in use after: 133.0 MB.

Unloading 5 unused Assets to reduce memory usage. Loaded Objects now: 1668.
Total: 3.378037 ms (FindLiveObjects: 0.441185 ms CreateObjectMapping: 0.191218 ms MarkObjects: 2.675883 ms  DeleteObjects: 0.067816 ms)

========================================================================
Received Prepare
Registering precompiled user dll's ...
Registered in 0.000456 seconds.
Begin MonoManager ReloadAssembly
Native extension for OSXStandalone target not found
Native extension for WebGL target not found
Refreshing native plugins compatible for Editor in 0.27 ms, found 1 plugins.
Preloading 0 native plugins for Editor in 0.00 ms.
Mono: successfully reloaded assembly
- Completed reload, in  1.356 seconds
Platform modules already initialized, skipping
Refreshing native plugins compatible for Editor in 0.24 ms, found 1 plugins.
Preloading 0 native plugins for Editor in 0.00 ms.
Unloading 1156 Unused Serialized files (Serialized files now loaded: 0)
System memory in use before: 133.1 MB.
System memory in use after: 133.1 MB.

Unloading 5 unused Assets to reduce memory usage. Loaded Objects now: 1671.
Total: 3.557742 ms (FindLiveObjects: 0.335120 ms CreateObjectMapping: 0.119680 ms MarkObjects: 2.997616 ms  DeleteObjects: 0.102251 ms)

========================================================================
Received Prepare
Registering precompiled user dll's ...
Registered in 0.000462 seconds.
Begin MonoManager ReloadAssembly
Native extension for OSXStandalone target not found
Native extension for WebGL target not found
Refreshing native plugins compatible for Editor in 0.26 ms, found 1 plugins.
Preloading 0 native plugins for Editor in 0.00 ms.
Mono: successfully reloaded assembly
- Completed reload, in  1.350 seconds
Platform modules already initialized, skipping
Refreshing native plugins compatible for Editor in 0.26 ms, found 1 plugins.
Preloading 0 native plugins for Editor in 0.00 ms.
Unloading 1156 Unused Serialized files (Serialized files now loaded: 0)
System memory in use before: 133.3 MB.
System memory in use after: 133.3 MB.

Unloading 5 unused Assets to reduce memory usage. Loaded Objects now: 1674.
Total: 2.038488 ms (FindLiveObjects: 0.238062 ms CreateObjectMapping: 0.043699 ms MarkObjects: 1.692314 ms  DeleteObjects: 0.062666 ms)

========================================================================
Received Prepare
Registering precompiled user dll's ...
Registered in 0.000706 seconds.
Begin MonoManager ReloadAssembly
Native extension for OSXStandalone target not found
Native extension for WebGL target not found
Refreshing native plugins compatible for Editor in 0.28 ms, found 1 plugins.
Preloading 0 native plugins for Editor in 0.00 ms.
Mono: successfully reloaded assembly
- Completed reload, in  1.330 seconds
Platform modules already initialized, skipping
Refreshing native plugins compatible for Editor in 0.24 ms, found 1 plugins.
Preloading 0 native plugins for Editor in 0.00 ms.
Unloading 1156 Unused Serialized files (Serialized files now loaded: 0)
System memory in use before: 133.5 MB.
System memory in use after: 133.5 MB.

Unloading 5 unused Assets to reduce memory usage. Loaded Objects now: 1677.
Total: 2.784300 ms (FindLiveObjects: 0.316132 ms CreateObjectMapping: 0.068780 ms MarkObjects: 2.327041 ms  DeleteObjects: 0.069988 ms)

========================================================================
Received Import Request.
  Time since last request: 262.453031 seconds.
  path: Assets/Animations/PauseAppear.anim
  artifactKey: Guid(0999d5eae82dd426ca2df5adf9831974) Importer(815301076,1909f56bfc062723c751e8b465ee728b)
Start importing Assets/Animations/PauseAppear.anim using Guid(0999d5eae82dd426ca2df5adf9831974) Importer(815301076,1909f56bfc062723c751e8b465ee728b)  -> (artifact id: '3a238bbf588a52d88db2e76792829bd8') in 0.325633 seconds
  Import took 0.328902 seconds .

========================================================================
Received Import Request.
  Time since last request: 9.627435 seconds.
  path: Assets/Animations/Pause_Appear.anim
  artifactKey: Guid(c642eaee903f84c0ab3d7508707ed5c3) Importer(815301076,1909f56bfc062723c751e8b465ee728b)
Start importing Assets/Animations/Pause_Appear.anim using Guid(c642eaee903f84c0ab3d7508707ed5c3) Importer(815301076,1909f56bfc062723c751e8b465ee728b)  -> (artifact id: '7aba490c1eefd3f944010e80fe1c9447') in 0.005348 seconds
  Import took 0.008131 seconds .

========================================================================
Received Import Request.
  Time since last request: 7.147015 seconds.
  path: Assets/Animations/PauseAppear.anim
  artifactKey: Guid(0999d5eae82dd426ca2df5adf9831974) Importer(815301076,1909f56bfc062723c751e8b465ee728b)
Start importing Assets/Animations/PauseAppear.anim using Guid(0999d5eae82dd426ca2df5adf9831974) Importer(815301076,1909f56bfc062723c751e8b465ee728b)  -> (artifact id: '5204aeb661ecac6ccbf89a3edb9aa686') in 0.005374 seconds
  Import took 0.008263 seconds .

========================================================================
Received Import Request.
  Time since last request: 3.097946 seconds.
  path: Assets/Animations/Pause_Disappear.anim
  artifactKey: Guid(d9409b6f7aca047d0ac1b22010141970) Importer(815301076,1909f56bfc062723c751e8b465ee728b)
Start importing Assets/Animations/Pause_Disappear.anim using Guid(d9409b6f7aca047d0ac1b22010141970) Importer(815301076,1909f56bfc062723c751e8b465ee728b)  -> (artifact id: '39d664da7df159e2f85d2a3940c45782') in 0.004559 seconds
  Import took 0.007753 seconds .

========================================================================
Received Import Request.
  Time since last request: 132.839398 seconds.
  path: Assets/Animations/PauseButton_Appear.anim
  artifactKey: Guid(0999d5eae82dd426ca2df5adf9831974) Importer(815301076,1909f56bfc062723c751e8b465ee728b)
Start importing Assets/Animations/PauseButton_Appear.anim using Guid(0999d5eae82dd426ca2df5adf9831974) Importer(815301076,1909f56bfc062723c751e8b465ee728b)  -> (artifact id: 'b0307301be6730d7c58ea114042a7615') in 0.004134 seconds
  Import took 0.011536 seconds .

========================================================================
Received Import Request.
  Time since last request: 0.976603 seconds.
  path: Assets/Animations/PauseButton_Appear.anim
  artifactKey: Guid(0999d5eae82dd426ca2df5adf9831974) Importer(815301076,1909f56bfc062723c751e8b465ee728b)
Start importing Assets/Animations/PauseButton_Appear.anim using Guid(0999d5eae82dd426ca2df5adf9831974) Importer(815301076,1909f56bfc062723c751e8b465ee728b)  -> (artifact id: '077ee6271805005125d35d625c5536e8') in 0.004900 seconds
  Import took 0.009325 seconds .

========================================================================
Received Prepare
Registering precompiled user dll's ...
Registered in 0.000855 seconds.
Begin MonoManager ReloadAssembly
Native extension for OSXStandalone target not found
Native extension for WebGL target not found
Refreshing native plugins compatible for Editor in 0.45 ms, found 1 plugins.
Preloading 0 native plugins for Editor in 0.00 ms.
Mono: successfully reloaded assembly
- Completed reload, in  2.735 seconds
Platform modules already initialized, skipping
Refreshing native plugins compatible for Editor in 0.43 ms, found 1 plugins.
Preloading 0 native plugins for Editor in 0.00 ms.
Unloading 1156 Unused Serialized files (Serialized files now loaded: 0)
System memory in use before: 137.9 MB.
System memory in use after: 138.0 MB.

Unloading 5 unused Assets to reduce memory usage. Loaded Objects now: 1680.
Total: 3.395600 ms (FindLiveObjects: 0.308611 ms CreateObjectMapping: 0.084248 ms MarkObjects: 2.894600 ms  DeleteObjects: 0.104984 ms)

========================================================================
Received Prepare
Registering precompiled user dll's ...
Registered in 0.000801 seconds.
Begin MonoManager ReloadAssembly
Native extension for OSXStandalone target not found
Native extension for WebGL target not found
Refreshing native plugins compatible for Editor in 1.28 ms, found 1 plugins.
Preloading 0 native plugins for Editor in 0.00 ms.
Mono: successfully reloaded assembly
- Completed reload, in  2.831 seconds
Platform modules already initialized, skipping
Refreshing native plugins compatible for Editor in 0.49 ms, found 1 plugins.
Preloading 0 native plugins for Editor in 0.00 ms.
Unloading 1156 Unused Serialized files (Serialized files now loaded: 0)
System memory in use before: 138.2 MB.
System memory in use after: 138.2 MB.

Unloading 5 unused Assets to reduce memory usage. Loaded Objects now: 1683.
Total: 3.376400 ms (FindLiveObjects: 0.322666 ms CreateObjectMapping: 0.083129 ms MarkObjects: 2.868545 ms  DeleteObjects: 0.098774 ms)

========================================================================
Received Prepare
Registering precompiled user dll's ...
Registered in 0.000850 seconds.
Begin MonoManager ReloadAssembly
Native extension for OSXStandalone target not found
Native extension for WebGL target not found
Refreshing native plugins compatible for Editor in 0.43 ms, found 1 plugins.
Preloading 0 native plugins for Editor in 0.00 ms.
Mono: successfully reloaded assembly
- Completed reload, in  2.716 seconds
Platform modules already initialized, skipping
Refreshing native plugins compatible for Editor in 0.43 ms, found 1 plugins.
Preloading 0 native plugins for Editor in 0.00 ms.
Unloading 1156 Unused Serialized files (Serialized files now loaded: 0)
System memory in use before: 138.3 MB.
System memory in use after: 138.4 MB.

Unloading 5 unused Assets to reduce memory usage. Loaded Objects now: 1686.
Total: 4.162403 ms (FindLiveObjects: 0.273592 ms CreateObjectMapping: 0.082963 ms MarkObjects: 3.681064 ms  DeleteObjects: 0.118926 ms)

