Using pre-set license

 COMMAND LINE ARGUMENTS:
/Applications/Unity/Hub/Editor/2020.3.6f1/Unity.app/Contents/MacOS/Unity
-adb2
-batchMode
-noUpm
-name
AssetImportWorker2
-projectPath
/Users/gaurav/Unity/Project PPP
-logFile
Logs/AssetImportWorker2.log
-srvPort
51840
Successfully changed project path to: /Users/gaurav/Unity/Project PPP
/Users/gaurav/Unity/Project PPP
Using Asset Import Pipeline V2.
Refreshing native plugins compatible for Editor in 43.20 ms, found 1 plugins.
Preloading 0 native plugins for Editor in 0.00 ms.
Initialize engine version: 2020.3.6f1 (338bb68529b2)
[Subsystems] Discovering subsystems at path /Applications/Unity/Hub/Editor/2020.3.6f1/Unity.app/Contents/Resources/UnitySubsystems
[Subsystems] Discovering subsystems at path /Users/gaurav/Unity/Project PPP/Assets
GfxDevice: creating device client; threaded=0
2023-07-24 17:25:44.477 Unity[59776:11296018] Color LCD preferred device: Intel(R) Iris(TM) Graphics 6000 (low power)
2023-07-24 17:25:44.478 Unity[59776:11296018] Metal devices available: 1
2023-07-24 17:25:44.478 Unity[59776:11296018] 0: Intel(R) Iris(TM) Graphics 6000 (low power)
2023-07-24 17:25:44.480 Unity[59776:11296018] Using device Intel(R) Iris(TM) Graphics 6000 (low power)
Initializing Metal device caps: Intel(R) Iris(TM) Graphics 6000
Initialize mono
Mono path[0] = '/Applications/Unity/Hub/Editor/2020.3.6f1/Unity.app/Contents/Managed'
Mono path[1] = '/Applications/Unity/Hub/Editor/2020.3.6f1/Unity.app/Contents/MonoBleedingEdge/lib/mono/unityjit'
Mono config path = '/Applications/Unity/Hub/Editor/2020.3.6f1/Unity.app/Contents/MonoBleedingEdge/etc'
Using monoOptions --debugger-agent=transport=dt_socket,embedding=1,server=y,suspend=n,address=127.0.0.1:56776
Begin MonoManager ReloadAssembly
Registering precompiled unity dll's ...
Register platform support module: /Applications/Unity/Hub/Editor/2020.3.6f1/PlaybackEngines/WebGLSupport/UnityEditor.WebGL.Extensions.dll
Register platform support module: /Applications/Unity/Hub/Editor/2020.3.6f1/Unity.app/Contents/PlaybackEngines/MacStandaloneSupport/UnityEditor.OSXStandalone.Extensions.dll
Registered in 0.000603 seconds.
Native extension for OSXStandalone target not found
Native extension for WebGL target not found
Refreshing native plugins compatible for Editor in 60.34 ms, found 1 plugins.
Preloading 0 native plugins for Editor in 0.00 ms.
Mono: successfully reloaded assembly
- Completed reload, in  4.463 seconds
Platform modules already initialized, skipping
Registering precompiled user dll's ...
Registered in 0.000517 seconds.
Begin MonoManager ReloadAssembly
Native extension for OSXStandalone target not found
Native extension for WebGL target not found
Refreshing native plugins compatible for Editor in 0.23 ms, found 1 plugins.
Preloading 0 native plugins for Editor in 0.00 ms.
Mono: successfully reloaded assembly
- Completed reload, in  1.313 seconds
Platform modules already initialized, skipping
========================================================================
Worker process is ready to serve import requests
Launching external process: /Applications/Unity/Hub/Editor/2020.3.6f1/Unity.app/Contents/Tools/UnityShaderCompiler
Launched and connected shader compiler UnityShaderCompiler after 0.03 seconds
Refreshing native plugins compatible for Editor in 0.24 ms, found 1 plugins.
Preloading 0 native plugins for Editor in 0.00 ms.
Unloading 1156 Unused Serialized files (Serialized files now loaded: 0)
System memory in use before: 113.5 MB.
System memory in use after: 113.5 MB.

Unloading 10 unused Assets to reduce memory usage. Loaded Objects now: 1599.
Total: 4.386389 ms (FindLiveObjects: 0.384800 ms CreateObjectMapping: 0.086970 ms MarkObjects: 3.737840 ms  DeleteObjects: 0.173937 ms)

========================================================================
Received Import Request.
  path: Assets/Prefabs/Canvas.prefab
  artifactKey: Guid(dd63f1de326b442a39091f76ddc1cf71) Importer(815301076,1909f56bfc062723c751e8b465ee728b)
Start importing Assets/Prefabs/Canvas.prefab using Guid(dd63f1de326b442a39091f76ddc1cf71) Importer(815301076,1909f56bfc062723c751e8b465ee728b)  -> (artifact id: '041f029daa75f7bf74eafd62d7b7958d') in 0.525118 seconds
  Import took 0.529012 seconds .

========================================================================
Received Import Request.
  Time since last request: 0.000317 seconds.
  path: Assets/Prefabs/BonusOrb.prefab
  artifactKey: Guid(ac1507d583c004423ae13398ad6f3934) Importer(815301076,1909f56bfc062723c751e8b465ee728b)
Start importing Assets/Prefabs/BonusOrb.prefab using Guid(ac1507d583c004423ae13398ad6f3934) Importer(815301076,1909f56bfc062723c751e8b465ee728b)  -> (artifact id: '2e1f52c2bb158db468692cc5767ed20f') in 0.132776 seconds
  Import took 0.135206 seconds .

========================================================================
Received Import Request.
  Time since last request: 0.735016 seconds.
  path: Assets/Prefabs/BonusOrb.prefab
  artifactKey: Guid(ac1507d583c004423ae13398ad6f3934) Importer(815301076,1909f56bfc062723c751e8b465ee728b)
Start importing Assets/Prefabs/BonusOrb.prefab using Guid(ac1507d583c004423ae13398ad6f3934) Importer(815301076,1909f56bfc062723c751e8b465ee728b)  -> (artifact id: 'ecea0cad4f8e37348696366e1aeff97f') in 0.016810 seconds
  Import took 0.020616 seconds .

========================================================================
Received Prepare
Registering precompiled user dll's ...
Registered in 0.000475 seconds.
Begin MonoManager ReloadAssembly
Native extension for OSXStandalone target not found
Native extension for WebGL target not found
Refreshing native plugins compatible for Editor in 0.25 ms, found 1 plugins.
Preloading 0 native plugins for Editor in 0.00 ms.
Mono: successfully reloaded assembly
- Completed reload, in  1.266 seconds
Platform modules already initialized, skipping
Refreshing native plugins compatible for Editor in 0.26 ms, found 1 plugins.
Preloading 0 native plugins for Editor in 0.00 ms.
Unloading 1151 Unused Serialized files (Serialized files now loaded: 0)
System memory in use before: 121.7 MB.
System memory in use after: 121.8 MB.

Unloading 5 unused Assets to reduce memory usage. Loaded Objects now: 1610.
Total: 2.372471 ms (FindLiveObjects: 0.494907 ms CreateObjectMapping: 0.084965 ms MarkObjects: 1.729524 ms  DeleteObjects: 0.060845 ms)

========================================================================
Received Import Request.
  Time since last request: 196.558205 seconds.
  path: Assets/Animations/BonusOrb.controller
  artifactKey: Guid(2ee662183952d44d282b7fbcff9400e1) Importer(815301076,1909f56bfc062723c751e8b465ee728b)
Start importing Assets/Animations/BonusOrb.controller using Guid(2ee662183952d44d282b7fbcff9400e1) Importer(815301076,1909f56bfc062723c751e8b465ee728b)  -> (artifact id: '4287b6d70601b14443e0892726b03b8d') in 0.339066 seconds
  Import took 0.341999 seconds .

========================================================================
Received Import Request.
  Time since last request: 4.706507 seconds.
  path: Assets/Animations/OrbIdle.anim
  artifactKey: Guid(7f0baf848b53943df98326ce9a29547f) Importer(815301076,1909f56bfc062723c751e8b465ee728b)
Start importing Assets/Animations/OrbIdle.anim using Guid(7f0baf848b53943df98326ce9a29547f) Importer(815301076,1909f56bfc062723c751e8b465ee728b)  -> (artifact id: 'e4f30b874f40a93eff881e0777c1206e') in 0.333633 seconds
  Import took 0.336324 seconds .

========================================================================
Received Prepare
Registering precompiled user dll's ...
Registered in 0.001599 seconds.
Begin MonoManager ReloadAssembly
Native extension for OSXStandalone target not found
Native extension for WebGL target not found
Refreshing native plugins compatible for Editor in 0.26 ms, found 1 plugins.
Preloading 0 native plugins for Editor in 0.00 ms.
Mono: successfully reloaded assembly
- Completed reload, in  1.316 seconds
Platform modules already initialized, skipping
Refreshing native plugins compatible for Editor in 0.36 ms, found 1 plugins.
Preloading 0 native plugins for Editor in 0.00 ms.
Unloading 1151 Unused Serialized files (Serialized files now loaded: 0)
System memory in use before: 130.5 MB.
System memory in use after: 130.6 MB.

Unloading 5 unused Assets to reduce memory usage. Loaded Objects now: 1613.
Total: 2.462350 ms (FindLiveObjects: 0.252595 ms CreateObjectMapping: 0.065252 ms MarkObjects: 2.073320 ms  DeleteObjects: 0.069503 ms)

========================================================================
Received Prepare
Registering precompiled user dll's ...
Registered in 0.000433 seconds.
Begin MonoManager ReloadAssembly
Native extension for OSXStandalone target not found
Native extension for WebGL target not found
Refreshing native plugins compatible for Editor in 0.61 ms, found 1 plugins.
Preloading 0 native plugins for Editor in 0.00 ms.
Mono: successfully reloaded assembly
- Completed reload, in  1.463 seconds
Platform modules already initialized, skipping
Refreshing native plugins compatible for Editor in 0.41 ms, found 1 plugins.
Preloading 0 native plugins for Editor in 0.00 ms.
Unloading 1151 Unused Serialized files (Serialized files now loaded: 0)
System memory in use before: 130.7 MB.
System memory in use after: 130.8 MB.

Unloading 5 unused Assets to reduce memory usage. Loaded Objects now: 1616.
Total: 1.980742 ms (FindLiveObjects: 0.184991 ms CreateObjectMapping: 0.038681 ms MarkObjects: 1.696119 ms  DeleteObjects: 0.059174 ms)

========================================================================
Received Prepare
Registering precompiled user dll's ...
Registered in 0.000447 seconds.
Begin MonoManager ReloadAssembly
Native extension for OSXStandalone target not found
Native extension for WebGL target not found
Refreshing native plugins compatible for Editor in 0.24 ms, found 1 plugins.
Preloading 0 native plugins for Editor in 0.00 ms.
Mono: successfully reloaded assembly
- Completed reload, in  1.279 seconds
Platform modules already initialized, skipping
Refreshing native plugins compatible for Editor in 0.27 ms, found 1 plugins.
Preloading 0 native plugins for Editor in 0.00 ms.
Unloading 1151 Unused Serialized files (Serialized files now loaded: 0)
System memory in use before: 130.9 MB.
System memory in use after: 130.9 MB.

Unloading 5 unused Assets to reduce memory usage. Loaded Objects now: 1619.
Total: 3.636370 ms (FindLiveObjects: 0.403938 ms CreateObjectMapping: 0.240700 ms MarkObjects: 2.899169 ms  DeleteObjects: 0.085045 ms)

========================================================================
Received Import Request.
  Time since last request: 545.506318 seconds.
  path: Assets/Animations/Bonus.controller
  artifactKey: Guid(cd14a029986004c8a966a36fd58fbf76) Importer(815301076,1909f56bfc062723c751e8b465ee728b)
Start importing Assets/Animations/Bonus.controller using Guid(cd14a029986004c8a966a36fd58fbf76) Importer(815301076,1909f56bfc062723c751e8b465ee728b)  -> (artifact id: '65a402cec383ee58623b4866bcb48844') in 0.025550 seconds
  Import took 0.028362 seconds .

========================================================================
Received Prepare
Registering precompiled user dll's ...
Registered in 0.001857 seconds.
Begin MonoManager ReloadAssembly
Native extension for OSXStandalone target not found
Native extension for WebGL target not found
Refreshing native plugins compatible for Editor in 0.25 ms, found 1 plugins.
Preloading 0 native plugins for Editor in 0.00 ms.
Mono: successfully reloaded assembly
- Completed reload, in  1.311 seconds
Platform modules already initialized, skipping
Refreshing native plugins compatible for Editor in 0.26 ms, found 1 plugins.
Preloading 0 native plugins for Editor in 0.00 ms.
Unloading 1151 Unused Serialized files (Serialized files now loaded: 0)
System memory in use before: 131.0 MB.
System memory in use after: 131.1 MB.

Unloading 5 unused Assets to reduce memory usage. Loaded Objects now: 1622.
Total: 2.035389 ms (FindLiveObjects: 0.189084 ms CreateObjectMapping: 0.041352 ms MarkObjects: 1.741623 ms  DeleteObjects: 0.061847 ms)

========================================================================
Received Import Request.
  Time since last request: 299.848165 seconds.
  path: Assets/Animations/BonusIdle.anim
  artifactKey: Guid(39e8e06d53d9648b7aea573060bd27c7) Importer(815301076,1909f56bfc062723c751e8b465ee728b)
Start importing Assets/Animations/BonusIdle.anim using Guid(39e8e06d53d9648b7aea573060bd27c7) Importer(815301076,1909f56bfc062723c751e8b465ee728b)  -> (artifact id: 'b42d5c428455dd3c62c443d4488b85b8') in 0.017219 seconds
  Import took 0.020012 seconds .

========================================================================
Received Prepare
Registering precompiled user dll's ...
Registered in 0.000535 seconds.
Begin MonoManager ReloadAssembly
Native extension for OSXStandalone target not found
Native extension for WebGL target not found
Refreshing native plugins compatible for Editor in 0.26 ms, found 1 plugins.
Preloading 0 native plugins for Editor in 0.00 ms.
Mono: successfully reloaded assembly
- Completed reload, in  1.219 seconds
Platform modules already initialized, skipping
Refreshing native plugins compatible for Editor in 0.39 ms, found 1 plugins.
Preloading 0 native plugins for Editor in 0.00 ms.
Unloading 1151 Unused Serialized files (Serialized files now loaded: 0)
System memory in use before: 131.3 MB.
System memory in use after: 131.3 MB.

Unloading 5 unused Assets to reduce memory usage. Loaded Objects now: 1625.
Total: 2.775642 ms (FindLiveObjects: 0.274607 ms CreateObjectMapping: 0.069694 ms MarkObjects: 2.343868 ms  DeleteObjects: 0.083283 ms)

========================================================================
Received Prepare
Registering precompiled user dll's ...
Registered in 0.000438 seconds.
Begin MonoManager ReloadAssembly
Native extension for OSXStandalone target not found
Native extension for WebGL target not found
Refreshing native plugins compatible for Editor in 0.25 ms, found 1 plugins.
Preloading 0 native plugins for Editor in 0.00 ms.
Mono: successfully reloaded assembly
- Completed reload, in  1.250 seconds
Platform modules already initialized, skipping
Refreshing native plugins compatible for Editor in 0.25 ms, found 1 plugins.
Preloading 0 native plugins for Editor in 0.00 ms.
Unloading 1151 Unused Serialized files (Serialized files now loaded: 0)
System memory in use before: 131.4 MB.
System memory in use after: 131.5 MB.

Unloading 5 unused Assets to reduce memory usage. Loaded Objects now: 1628.
Total: 2.318536 ms (FindLiveObjects: 0.339261 ms CreateObjectMapping: 0.078458 ms MarkObjects: 1.836121 ms  DeleteObjects: 0.062116 ms)

========================================================================
Received Prepare
Registering precompiled user dll's ...
Registered in 0.000607 seconds.
Begin MonoManager ReloadAssembly
Native extension for OSXStandalone target not found
Native extension for WebGL target not found
Refreshing native plugins compatible for Editor in 0.40 ms, found 1 plugins.
Preloading 0 native plugins for Editor in 0.00 ms.
Mono: successfully reloaded assembly
- Completed reload, in  1.645 seconds
Platform modules already initialized, skipping
Refreshing native plugins compatible for Editor in 0.25 ms, found 1 plugins.
Preloading 0 native plugins for Editor in 0.00 ms.
Unloading 1151 Unused Serialized files (Serialized files now loaded: 0)
System memory in use before: 131.6 MB.
System memory in use after: 131.7 MB.

Unloading 5 unused Assets to reduce memory usage. Loaded Objects now: 1631.
Total: 2.433691 ms (FindLiveObjects: 0.491751 ms CreateObjectMapping: 0.080401 ms MarkObjects: 1.796020 ms  DeleteObjects: 0.062524 ms)

========================================================================
Received Prepare
Registering precompiled user dll's ...
Registered in 0.000478 seconds.
Begin MonoManager ReloadAssembly
Native extension for OSXStandalone target not found
Native extension for WebGL target not found
Refreshing native plugins compatible for Editor in 0.61 ms, found 1 plugins.
Preloading 0 native plugins for Editor in 0.00 ms.
Mono: successfully reloaded assembly
- Completed reload, in  1.601 seconds
Platform modules already initialized, skipping
Refreshing native plugins compatible for Editor in 0.24 ms, found 1 plugins.
Preloading 0 native plugins for Editor in 0.00 ms.
Unloading 1151 Unused Serialized files (Serialized files now loaded: 0)
System memory in use before: 131.7 MB.
System memory in use after: 131.8 MB.

Unloading 5 unused Assets to reduce memory usage. Loaded Objects now: 1634.
Total: 3.184390 ms (FindLiveObjects: 0.319293 ms CreateObjectMapping: 0.081672 ms MarkObjects: 2.685023 ms  DeleteObjects: 0.094688 ms)

========================================================================
Received Prepare
Registering precompiled user dll's ...
Registered in 0.000484 seconds.
Begin MonoManager ReloadAssembly
Native extension for OSXStandalone target not found
Native extension for WebGL target not found
Refreshing native plugins compatible for Editor in 0.83 ms, found 1 plugins.
Preloading 0 native plugins for Editor in 0.00 ms.
Mono: successfully reloaded assembly
- Completed reload, in  1.288 seconds
Platform modules already initialized, skipping
Refreshing native plugins compatible for Editor in 0.26 ms, found 1 plugins.
Preloading 0 native plugins for Editor in 0.00 ms.
Unloading 1151 Unused Serialized files (Serialized files now loaded: 0)
System memory in use before: 131.9 MB.
System memory in use after: 132.0 MB.

Unloading 5 unused Assets to reduce memory usage. Loaded Objects now: 1637.
Total: 2.131673 ms (FindLiveObjects: 0.253554 ms CreateObjectMapping: 0.124742 ms MarkObjects: 1.686954 ms  DeleteObjects: 0.064385 ms)

========================================================================
Received Prepare
Registering precompiled user dll's ...
Registered in 0.000722 seconds.
Begin MonoManager ReloadAssembly
Native extension for OSXStandalone target not found
Native extension for WebGL target not found
Refreshing native plugins compatible for Editor in 0.25 ms, found 1 plugins.
Preloading 0 native plugins for Editor in 0.00 ms.
Mono: successfully reloaded assembly
- Completed reload, in  1.363 seconds
Platform modules already initialized, skipping
Refreshing native plugins compatible for Editor in 0.53 ms, found 1 plugins.
Preloading 0 native plugins for Editor in 0.00 ms.
Unloading 1151 Unused Serialized files (Serialized files now loaded: 0)
System memory in use before: 132.1 MB.
System memory in use after: 132.1 MB.

Unloading 5 unused Assets to reduce memory usage. Loaded Objects now: 1640.
Total: 2.786421 ms (FindLiveObjects: 0.242104 ms CreateObjectMapping: 0.051554 ms MarkObjects: 2.394256 ms  DeleteObjects: 0.096499 ms)

========================================================================
Received Prepare
Registering precompiled user dll's ...
Registered in 0.000726 seconds.
Begin MonoManager ReloadAssembly
Native extension for OSXStandalone target not found
Native extension for WebGL target not found
Refreshing native plugins compatible for Editor in 0.25 ms, found 1 plugins.
Preloading 0 native plugins for Editor in 0.00 ms.
Mono: successfully reloaded assembly
- Completed reload, in  1.580 seconds
Platform modules already initialized, skipping
Refreshing native plugins compatible for Editor in 0.95 ms, found 1 plugins.
Preloading 0 native plugins for Editor in 0.00 ms.
Unloading 1151 Unused Serialized files (Serialized files now loaded: 0)
System memory in use before: 132.3 MB.
System memory in use after: 132.3 MB.

Unloading 5 unused Assets to reduce memory usage. Loaded Objects now: 1643.
Total: 3.790750 ms (FindLiveObjects: 0.463381 ms CreateObjectMapping: 0.158245 ms MarkObjects: 3.027462 ms  DeleteObjects: 0.120250 ms)

========================================================================
Received Prepare
Registering precompiled user dll's ...
Registered in 0.000438 seconds.
Begin MonoManager ReloadAssembly
Native extension for OSXStandalone target not found
Native extension for WebGL target not found
Refreshing native plugins compatible for Editor in 0.26 ms, found 1 plugins.
Preloading 0 native plugins for Editor in 0.00 ms.
Mono: successfully reloaded assembly
- Completed reload, in  1.256 seconds
Platform modules already initialized, skipping
Refreshing native plugins compatible for Editor in 0.24 ms, found 1 plugins.
Preloading 0 native plugins for Editor in 0.00 ms.
Unloading 1151 Unused Serialized files (Serialized files now loaded: 0)
System memory in use before: 132.5 MB.
System memory in use after: 132.5 MB.

Unloading 5 unused Assets to reduce memory usage. Loaded Objects now: 1646.
Total: 2.132810 ms (FindLiveObjects: 0.231358 ms CreateObjectMapping: 0.043618 ms MarkObjects: 1.795173 ms  DeleteObjects: 0.060431 ms)

========================================================================
Received Prepare
Registering precompiled user dll's ...
Registered in 0.000446 seconds.
Begin MonoManager ReloadAssembly
Native extension for OSXStandalone target not found
Native extension for WebGL target not found
Refreshing native plugins compatible for Editor in 0.26 ms, found 1 plugins.
Preloading 0 native plugins for Editor in 0.00 ms.
Mono: successfully reloaded assembly
- Completed reload, in  1.332 seconds
Platform modules already initialized, skipping
Refreshing native plugins compatible for Editor in 0.31 ms, found 1 plugins.
Preloading 0 native plugins for Editor in 0.00 ms.
Unloading 1151 Unused Serialized files (Serialized files now loaded: 0)
System memory in use before: 132.6 MB.
System memory in use after: 132.7 MB.

Unloading 5 unused Assets to reduce memory usage. Loaded Objects now: 1649.
Total: 3.384110 ms (FindLiveObjects: 0.367062 ms CreateObjectMapping: 0.081280 ms MarkObjects: 2.829043 ms  DeleteObjects: 0.103579 ms)

========================================================================
Received Prepare
Registering precompiled user dll's ...
Registered in 0.000474 seconds.
Begin MonoManager ReloadAssembly
Native extension for OSXStandalone target not found
Native extension for WebGL target not found
Refreshing native plugins compatible for Editor in 0.26 ms, found 1 plugins.
Preloading 0 native plugins for Editor in 0.00 ms.
Mono: successfully reloaded assembly
- Completed reload, in  1.752 seconds
Platform modules already initialized, skipping
Refreshing native plugins compatible for Editor in 0.28 ms, found 1 plugins.
Preloading 0 native plugins for Editor in 0.00 ms.
Unloading 1151 Unused Serialized files (Serialized files now loaded: 0)
System memory in use before: 132.8 MB.
System memory in use after: 132.9 MB.

Unloading 5 unused Assets to reduce memory usage. Loaded Objects now: 1652.
Total: 1.979421 ms (FindLiveObjects: 0.223678 ms CreateObjectMapping: 0.043166 ms MarkObjects: 1.647466 ms  DeleteObjects: 0.063193 ms)

========================================================================
Received Import Request.
  Time since last request: 798.064725 seconds.
  path: Assets/Animations/BonusGet2.anim
  artifactKey: Guid(8be31c10df15d46acac02a4e8f761715) Importer(815301076,1909f56bfc062723c751e8b465ee728b)
Start importing Assets/Animations/BonusGet2.anim using Guid(8be31c10df15d46acac02a4e8f761715) Importer(815301076,1909f56bfc062723c751e8b465ee728b)  -> (artifact id: 'b39a3860c043137c1f28916cf201f3b5') in 0.018000 seconds
  Import took 0.020772 seconds .

========================================================================
Received Import Request.
  Time since last request: 0.146677 seconds.
  path: Assets/Animations/BonusGet2.anim
  artifactKey: Guid(8be31c10df15d46acac02a4e8f761715) Importer(815301076,1909f56bfc062723c751e8b465ee728b)
Start importing Assets/Animations/BonusGet2.anim using Guid(8be31c10df15d46acac02a4e8f761715) Importer(815301076,1909f56bfc062723c751e8b465ee728b)  -> (artifact id: 'b39a3860c043137c1f28916cf201f3b5') in 0.006377 seconds
  Import took 0.012550 seconds .

========================================================================
Received Prepare
Registering precompiled user dll's ...
Registered in 0.000427 seconds.
Begin MonoManager ReloadAssembly
Native extension for OSXStandalone target not found
Native extension for WebGL target not found
Refreshing native plugins compatible for Editor in 0.26 ms, found 1 plugins.
Preloading 0 native plugins for Editor in 0.00 ms.
Mono: successfully reloaded assembly
- Completed reload, in  1.214 seconds
Platform modules already initialized, skipping
Refreshing native plugins compatible for Editor in 0.36 ms, found 1 plugins.
Preloading 0 native plugins for Editor in 0.00 ms.
Unloading 1151 Unused Serialized files (Serialized files now loaded: 0)
System memory in use before: 133.0 MB.
System memory in use after: 133.0 MB.

Unloading 5 unused Assets to reduce memory usage. Loaded Objects now: 1655.
Total: 3.070559 ms (FindLiveObjects: 0.282530 ms CreateObjectMapping: 0.069300 ms MarkObjects: 2.647343 ms  DeleteObjects: 0.069236 ms)

