Using pre-set license

 COMMAND LINE ARGUMENTS:
/Applications/Unity/Hub/Editor/2020.3.6f1/Unity.app/Contents/MacOS/Unity
-adb2
-batchMode
-noUpm
-name
AssetImportWorker0
-projectPath
/Users/gaurav/Unity/Project PPP
-logFile
Logs/AssetImportWorker0.log
-srvPort
60996
Successfully changed project path to: /Users/gaurav/Unity/Project PPP
/Users/gaurav/Unity/Project PPP
Using Asset Import Pipeline V2.
Refreshing native plugins compatible for Editor in 34.12 ms, found 1 plugins.
Preloading 0 native plugins for Editor in 0.00 ms.
Initialize engine version: 2020.3.6f1 (338bb68529b2)
[Subsystems] Discovering subsystems at path /Applications/Unity/Hub/Editor/2020.3.6f1/Unity.app/Contents/Resources/UnitySubsystems
[Subsystems] Discovering subsystems at path /Users/gaurav/Unity/Project PPP/Assets
GfxDevice: creating device client; threaded=0
2023-07-19 21:46:58.817 Unity[45883:6672666] Color LCD preferred device: Intel(R) Iris(TM) Graphics 6000 (low power)
2023-07-19 21:46:58.817 Unity[45883:6672666] Metal devices available: 1
2023-07-19 21:46:58.817 Unity[45883:6672666] 0: Intel(R) Iris(TM) Graphics 6000 (low power)
2023-07-19 21:46:58.819 Unity[45883:6672666] Using device Intel(R) Iris(TM) Graphics 6000 (low power)
Initializing Metal device caps: Intel(R) Iris(TM) Graphics 6000
Initialize mono
Mono path[0] = '/Applications/Unity/Hub/Editor/2020.3.6f1/Unity.app/Contents/Managed'
Mono path[1] = '/Applications/Unity/Hub/Editor/2020.3.6f1/Unity.app/Contents/MonoBleedingEdge/lib/mono/unityjit'
Mono config path = '/Applications/Unity/Hub/Editor/2020.3.6f1/Unity.app/Contents/MonoBleedingEdge/etc'
Using monoOptions --debugger-agent=transport=dt_socket,embedding=1,server=y,suspend=n,address=127.0.0.1:56883
Begin MonoManager ReloadAssembly
Registering precompiled unity dll's ...
Register platform support module: /Applications/Unity/Hub/Editor/2020.3.6f1/PlaybackEngines/WebGLSupport/UnityEditor.WebGL.Extensions.dll
Register platform support module: /Applications/Unity/Hub/Editor/2020.3.6f1/Unity.app/Contents/PlaybackEngines/MacStandaloneSupport/UnityEditor.OSXStandalone.Extensions.dll
Registered in 0.000696 seconds.
Native extension for OSXStandalone target not found
Native extension for WebGL target not found
Refreshing native plugins compatible for Editor in 38.53 ms, found 1 plugins.
Preloading 0 native plugins for Editor in 0.00 ms.
Mono: successfully reloaded assembly
- Completed reload, in  6.387 seconds
Platform modules already initialized, skipping
Registering precompiled user dll's ...
Registered in 0.000496 seconds.
Begin MonoManager ReloadAssembly
Native extension for OSXStandalone target not found
Native extension for WebGL target not found
Refreshing native plugins compatible for Editor in 0.29 ms, found 1 plugins.
Preloading 0 native plugins for Editor in 0.00 ms.
Mono: successfully reloaded assembly
- Completed reload, in  1.567 seconds
Platform modules already initialized, skipping
========================================================================
Worker process is ready to serve import requests
Launching external process: /Applications/Unity/Hub/Editor/2020.3.6f1/Unity.app/Contents/Tools/UnityShaderCompiler
Launched and connected shader compiler UnityShaderCompiler after 0.04 seconds
Refreshing native plugins compatible for Editor in 0.23 ms, found 1 plugins.
Preloading 0 native plugins for Editor in 0.00 ms.
Unloading 1119 Unused Serialized files (Serialized files now loaded: 0)
System memory in use before: 110.7 MB.
System memory in use after: 110.7 MB.

Unloading 10 unused Assets to reduce memory usage. Loaded Objects now: 1562.
Total: 4.194803 ms (FindLiveObjects: 0.304776 ms CreateObjectMapping: 0.148326 ms MarkObjects: 3.619033 ms  DeleteObjects: 0.120837 ms)

========================================================================
Received Import Request.
  path: Assets/Fonts/Lexend-Black.ttf
  artifactKey: Guid(e27ce5fab77f0496c99e5a257131efa9) Importer(815301076,1909f56bfc062723c751e8b465ee728b)
Start importing Assets/Fonts/Lexend-Black.ttf using Guid(e27ce5fab77f0496c99e5a257131efa9) Importer(815301076,1909f56bfc062723c751e8b465ee728b)  -> (artifact id: 'b33f462710ba399eca45daeed0c9653b') in 0.726488 seconds
  Import took 0.730237 seconds .

========================================================================
Received Import Request.
  Time since last request: 0.000401 seconds.
  path: Assets/Fonts/Lexend-SemiBold.ttf
  artifactKey: Guid(4a4bdeb7ff78346b583cdef32bf3a765) Importer(815301076,1909f56bfc062723c751e8b465ee728b)
Start importing Assets/Fonts/Lexend-SemiBold.ttf using Guid(4a4bdeb7ff78346b583cdef32bf3a765) Importer(815301076,1909f56bfc062723c751e8b465ee728b)  -> (artifact id: '53452c7c834322a5ddd261f1f4cc8b3c') in 0.033506 seconds
  Import took 0.035983 seconds .

========================================================================
Received Import Request.
  Time since last request: 0.000333 seconds.
  path: Assets/Fonts/Lexend-Thin.ttf
  artifactKey: Guid(0677ffdd57893416c909400bdb1b8eaf) Importer(815301076,1909f56bfc062723c751e8b465ee728b)
Start importing Assets/Fonts/Lexend-Thin.ttf using Guid(0677ffdd57893416c909400bdb1b8eaf) Importer(815301076,1909f56bfc062723c751e8b465ee728b)  -> (artifact id: '95455fb3ff19c8f4576fe5b1ccd24495') in 0.024766 seconds
  Import took 0.027917 seconds .

========================================================================
Received Import Request.
  Time since last request: 0.000276 seconds.
  path: Assets/Fonts/Lexend-Light.ttf
  artifactKey: Guid(b6d500cfe70ec4169983e4a2955b45dd) Importer(815301076,1909f56bfc062723c751e8b465ee728b)
Start importing Assets/Fonts/Lexend-Light.ttf using Guid(b6d500cfe70ec4169983e4a2955b45dd) Importer(815301076,1909f56bfc062723c751e8b465ee728b)  -> (artifact id: 'f4b91d9893653438a02c9650cc3469be') in 0.021304 seconds
  Import took 0.029907 seconds .

========================================================================
Received Import Request.
  Time since last request: 0.003025 seconds.
  path: Assets/Fonts/Lexend-Regular.ttf
  artifactKey: Guid(f26c7437674f74ee4a05b408ff24fe97) Importer(815301076,1909f56bfc062723c751e8b465ee728b)
Start importing Assets/Fonts/Lexend-Regular.ttf using Guid(f26c7437674f74ee4a05b408ff24fe97) Importer(815301076,1909f56bfc062723c751e8b465ee728b)  -> (artifact id: '531d392ce2a2a9c18d916ec6801c32fd') in 0.029182 seconds
  Import took 0.033747 seconds .

========================================================================
Received Import Request.
  Time since last request: 0.000404 seconds.
  path: Assets/Fonts/Lexend-Medium.ttf
  artifactKey: Guid(a359090aec2064f08b71daef930bd2c2) Importer(815301076,1909f56bfc062723c751e8b465ee728b)
Start importing Assets/Fonts/Lexend-Medium.ttf using Guid(a359090aec2064f08b71daef930bd2c2) Importer(815301076,1909f56bfc062723c751e8b465ee728b)  -> (artifact id: '498af7b063b4f40f670198243f04976a') in 0.015298 seconds
  Import took 0.018155 seconds .

========================================================================
Received Import Request.
  Time since last request: 0.000328 seconds.
  path: Assets/Fonts/Lexend-ExtraBold.ttf
  artifactKey: Guid(9c16a600488ab42979e7ecc972ee85a8) Importer(815301076,1909f56bfc062723c751e8b465ee728b)
Start importing Assets/Fonts/Lexend-ExtraBold.ttf using Guid(9c16a600488ab42979e7ecc972ee85a8) Importer(815301076,1909f56bfc062723c751e8b465ee728b)  -> (artifact id: 'cf09984a481a6195873a671401af4bef') in 0.017890 seconds
  Import took 0.021233 seconds .

========================================================================
Received Import Request.
  Time since last request: 0.000435 seconds.
  path: Assets/Fonts/Lexend-Bold.ttf
  artifactKey: Guid(376a3f4408dda43af860980a77d00742) Importer(815301076,1909f56bfc062723c751e8b465ee728b)
Start importing Assets/Fonts/Lexend-Bold.ttf using Guid(376a3f4408dda43af860980a77d00742) Importer(815301076,1909f56bfc062723c751e8b465ee728b)  -> (artifact id: '26ea200070020830ac2f0800e6f96869') in 0.018330 seconds
  Import took 0.021968 seconds .

========================================================================
Received Import Request.
  Time since last request: 0.000394 seconds.
  path: Assets/Fonts/Lexend-ExtraLight.ttf
  artifactKey: Guid(94406dbb9b0d74bc0b3897e418ffbe6a) Importer(815301076,1909f56bfc062723c751e8b465ee728b)
Start importing Assets/Fonts/Lexend-ExtraLight.ttf using Guid(94406dbb9b0d74bc0b3897e418ffbe6a) Importer(815301076,1909f56bfc062723c751e8b465ee728b)  -> (artifact id: 'f2ab0e396348ad56b416357c1234e55a') in 0.017859 seconds
  Import took 0.020248 seconds .

========================================================================
Received Import Request.
  Time since last request: 615.582094 seconds.
  path: Assets/Rounded40px@4x.png
  artifactKey: Guid(66665dfeee50f4b36b9bd9259fd06631) Importer(815301076,1909f56bfc062723c751e8b465ee728b)
Start importing Assets/Rounded40px@4x.png using Guid(66665dfeee50f4b36b9bd9259fd06631) Importer(815301076,1909f56bfc062723c751e8b465ee728b)  -> (artifact id: '50633c74a7bae2c210072c42207cd72c') in 0.682001 seconds
  Import took 0.686506 seconds .

========================================================================
Received Import Request.
  Time since last request: 5.871934 seconds.
  path: Assets/Sprites
  artifactKey: Guid(2e337d28ee3f74a209cd685ac4a630ec) Importer(815301076,1909f56bfc062723c751e8b465ee728b)
Start importing Assets/Sprites using Guid(2e337d28ee3f74a209cd685ac4a630ec) Importer(815301076,1909f56bfc062723c751e8b465ee728b)  -> (artifact id: '01255c1473ed2a313230ba8752af5962') in 0.003276 seconds
  Import took 0.006328 seconds .

========================================================================
Received Import Request.
  Time since last request: 39.101790 seconds.
  path: Assets/Sprites/Rounded40px@4x.png
  artifactKey: Guid(66665dfeee50f4b36b9bd9259fd06631) Importer(815301076,1909f56bfc062723c751e8b465ee728b)
Start importing Assets/Sprites/Rounded40px@4x.png using Guid(66665dfeee50f4b36b9bd9259fd06631) Importer(815301076,1909f56bfc062723c751e8b465ee728b)  -> (artifact id: '52163412406a673868b2be805b8907e7') in 0.044725 seconds
  Import took 0.049424 seconds .

========================================================================
Received Import Request.
  Time since last request: 0.004132 seconds.
  path: Assets/Sprites/Rounded40px@4x.png
  artifactKey: Guid(66665dfeee50f4b36b9bd9259fd06631) Importer(815301076,1909f56bfc062723c751e8b465ee728b)
Start importing Assets/Sprites/Rounded40px@4x.png using Guid(66665dfeee50f4b36b9bd9259fd06631) Importer(815301076,1909f56bfc062723c751e8b465ee728b)  -> (artifact id: '52163412406a673868b2be805b8907e7') in 0.033394 seconds
  Import took 0.037107 seconds .

========================================================================
Received Prepare
Registering precompiled user dll's ...
Registered in 0.000505 seconds.
Begin MonoManager ReloadAssembly
Native extension for OSXStandalone target not found
Native extension for WebGL target not found
Refreshing native plugins compatible for Editor in 0.25 ms, found 1 plugins.
Preloading 0 native plugins for Editor in 0.00 ms.
Mono: successfully reloaded assembly
- Completed reload, in  1.605 seconds
Platform modules already initialized, skipping
Refreshing native plugins compatible for Editor in 0.30 ms, found 1 plugins.
Preloading 0 native plugins for Editor in 0.00 ms.
Unloading 1148 Unused Serialized files (Serialized files now loaded: 0)
System memory in use before: 125.3 MB.
System memory in use after: 125.4 MB.

Unloading 5 unused Assets to reduce memory usage. Loaded Objects now: 1645.
Total: 3.056885 ms (FindLiveObjects: 0.357855 ms CreateObjectMapping: 0.113865 ms MarkObjects: 2.506563 ms  DeleteObjects: 0.075195 ms)

========================================================================
Received Import Request.
  Time since last request: 167.878465 seconds.
  path: Assets/Sprites/Rounded40px@4x.png
  artifactKey: Guid(66665dfeee50f4b36b9bd9259fd06631) Importer(815301076,1909f56bfc062723c751e8b465ee728b)
Start importing Assets/Sprites/Rounded40px@4x.png using Guid(66665dfeee50f4b36b9bd9259fd06631) Importer(815301076,1909f56bfc062723c751e8b465ee728b)  -> (artifact id: '7e4d8b2ff17deacb769ab045f7bba97a') in 0.110202 seconds
  Import took 0.114425 seconds .

========================================================================
Received Import Request.
  Time since last request: 40.099462 seconds.
  path: Assets/Sprites/Rounded40px@4x.png
  artifactKey: Guid(66665dfeee50f4b36b9bd9259fd06631) Importer(815301076,1909f56bfc062723c751e8b465ee728b)
Start importing Assets/Sprites/Rounded40px@4x.png using Guid(66665dfeee50f4b36b9bd9259fd06631) Importer(815301076,1909f56bfc062723c751e8b465ee728b)  -> (artifact id: '43f58aee07d60f25e96ed43b553740f0') in 0.018871 seconds
  Import took 0.023713 seconds .

========================================================================
Received Import Request.
  Time since last request: 23.753204 seconds.
  path: Assets/Sprites/Rounded40px@4x.png
  artifactKey: Guid(66665dfeee50f4b36b9bd9259fd06631) Importer(815301076,1909f56bfc062723c751e8b465ee728b)
Start importing Assets/Sprites/Rounded40px@4x.png using Guid(66665dfeee50f4b36b9bd9259fd06631) Importer(815301076,1909f56bfc062723c751e8b465ee728b)  -> (artifact id: 'ad4e6ecbf5e9d4cbdb7f51496f106833') in 0.020625 seconds
  Import took 0.023830 seconds .

========================================================================
Received Import Request.
  Time since last request: 12.163056 seconds.
  path: Assets/Sprites/Rounded40px@4x.png
  artifactKey: Guid(66665dfeee50f4b36b9bd9259fd06631) Importer(815301076,1909f56bfc062723c751e8b465ee728b)
Start importing Assets/Sprites/Rounded40px@4x.png using Guid(66665dfeee50f4b36b9bd9259fd06631) Importer(815301076,1909f56bfc062723c751e8b465ee728b)  -> (artifact id: 'f40cdaf9520e4f97c9ffd33b0b5a47dd') in 0.019712 seconds
  Import took 0.024516 seconds .

========================================================================
Received Import Request.
  Time since last request: 36.708877 seconds.
  path: Assets/Sprites/Rounded10px@2x.png
  artifactKey: Guid(89bdb699e57f04ae1bd1180d07e8d6e3) Importer(815301076,1909f56bfc062723c751e8b465ee728b)
Start importing Assets/Sprites/Rounded10px@2x.png using Guid(89bdb699e57f04ae1bd1180d07e8d6e3) Importer(815301076,1909f56bfc062723c751e8b465ee728b)  -> (artifact id: '1ab0017b4a3a82daec9d8808169d21e0') in 0.016601 seconds
  Import took 0.020526 seconds .

========================================================================
Received Import Request.
  Time since last request: 8.785675 seconds.
  path: Assets/Sprites/Rounded10px@2x.png
  artifactKey: Guid(89bdb699e57f04ae1bd1180d07e8d6e3) Importer(815301076,1909f56bfc062723c751e8b465ee728b)
Start importing Assets/Sprites/Rounded10px@2x.png using Guid(89bdb699e57f04ae1bd1180d07e8d6e3) Importer(815301076,1909f56bfc062723c751e8b465ee728b)  -> (artifact id: '2b74ae625217a61b1849b5db9e4a9339') in 0.017913 seconds
  Import took 0.022362 seconds .

========================================================================
Received Import Request.
  Time since last request: 12.503335 seconds.
  path: Assets/Sprites/Rounded10px@2x.png
  artifactKey: Guid(89bdb699e57f04ae1bd1180d07e8d6e3) Importer(815301076,1909f56bfc062723c751e8b465ee728b)
Start importing Assets/Sprites/Rounded10px@2x.png using Guid(89bdb699e57f04ae1bd1180d07e8d6e3) Importer(815301076,1909f56bfc062723c751e8b465ee728b)  -> (artifact id: 'c0983244af31cd34a88837110cfbc1fa') in 0.014470 seconds
  Import took 0.018188 seconds .

========================================================================
Received Import Request.
  Time since last request: 0.010174 seconds.
  path: Assets/Sprites/Rounded10px@2x.png
  artifactKey: Guid(89bdb699e57f04ae1bd1180d07e8d6e3) Importer(815301076,1909f56bfc062723c751e8b465ee728b)
Start importing Assets/Sprites/Rounded10px@2x.png using Guid(89bdb699e57f04ae1bd1180d07e8d6e3) Importer(815301076,1909f56bfc062723c751e8b465ee728b)  -> (artifact id: 'c0983244af31cd34a88837110cfbc1fa') in 0.010282 seconds
  Import took 0.016119 seconds .

========================================================================
Received Prepare
Registering precompiled user dll's ...
Registered in 0.000824 seconds.
Begin MonoManager ReloadAssembly
Native extension for OSXStandalone target not found
Native extension for WebGL target not found
Refreshing native plugins compatible for Editor in 0.41 ms, found 1 plugins.
Preloading 0 native plugins for Editor in 0.00 ms.
Mono: successfully reloaded assembly
- Completed reload, in  3.336 seconds
Platform modules already initialized, skipping
Refreshing native plugins compatible for Editor in 0.48 ms, found 1 plugins.
Preloading 0 native plugins for Editor in 0.00 ms.
Unloading 1148 Unused Serialized files (Serialized files now loaded: 0)
System memory in use before: 125.7 MB.
System memory in use after: 125.7 MB.

Unloading 5 unused Assets to reduce memory usage. Loaded Objects now: 1652.
Total: 4.387201 ms (FindLiveObjects: 0.385140 ms CreateObjectMapping: 0.062658 ms MarkObjects: 3.821712 ms  DeleteObjects: 0.114913 ms)

========================================================================
Received Prepare
Registering precompiled user dll's ...
Registered in 0.000456 seconds.
Begin MonoManager ReloadAssembly
Native extension for OSXStandalone target not found
Native extension for WebGL target not found
Refreshing native plugins compatible for Editor in 0.24 ms, found 1 plugins.
Preloading 0 native plugins for Editor in 0.00 ms.
Mono: successfully reloaded assembly
- Completed reload, in  1.355 seconds
Platform modules already initialized, skipping
Refreshing native plugins compatible for Editor in 0.25 ms, found 1 plugins.
Preloading 0 native plugins for Editor in 0.00 ms.
Unloading 1148 Unused Serialized files (Serialized files now loaded: 0)
System memory in use before: 125.9 MB.
System memory in use after: 126.0 MB.

Unloading 5 unused Assets to reduce memory usage. Loaded Objects now: 1655.
Total: 2.372913 ms (FindLiveObjects: 0.215466 ms CreateObjectMapping: 0.086422 ms MarkObjects: 2.007427 ms  DeleteObjects: 0.061993 ms)

========================================================================
Received Prepare
Registering precompiled user dll's ...
Registered in 0.001653 seconds.
Begin MonoManager ReloadAssembly
Native extension for OSXStandalone target not found
Native extension for WebGL target not found
Refreshing native plugins compatible for Editor in 0.23 ms, found 1 plugins.
Preloading 0 native plugins for Editor in 0.00 ms.
Mono: successfully reloaded assembly
- Completed reload, in  1.420 seconds
Platform modules already initialized, skipping
Refreshing native plugins compatible for Editor in 0.30 ms, found 1 plugins.
Preloading 0 native plugins for Editor in 0.00 ms.
Unloading 1148 Unused Serialized files (Serialized files now loaded: 0)
System memory in use before: 126.0 MB.
System memory in use after: 126.1 MB.

Unloading 5 unused Assets to reduce memory usage. Loaded Objects now: 1658.
Total: 2.642710 ms (FindLiveObjects: 0.310002 ms CreateObjectMapping: 0.067170 ms MarkObjects: 2.190605 ms  DeleteObjects: 0.072610 ms)

========================================================================
Received Import Request.
  Time since last request: 663.933850 seconds.
  path: Assets/Animations
  artifactKey: Guid(ac8d27853ddf448e9bfb30bfd2d6dba0) Importer(815301076,1909f56bfc062723c751e8b465ee728b)
Start importing Assets/Animations using Guid(ac8d27853ddf448e9bfb30bfd2d6dba0) Importer(815301076,1909f56bfc062723c751e8b465ee728b)  -> (artifact id: 'dac268b7a3c0c2537105d806a199ae5b') in 0.006244 seconds
  Import took 0.009460 seconds .

========================================================================
Received Import Request.
  Time since last request: 42.355847 seconds.
  path: Assets/Animations/LvlComplete.controller
  artifactKey: Guid(6083b509ccb1c47ecbd6eccc55318263) Importer(815301076,1909f56bfc062723c751e8b465ee728b)
Start importing Assets/Animations/LvlComplete.controller using Guid(6083b509ccb1c47ecbd6eccc55318263) Importer(815301076,1909f56bfc062723c751e8b465ee728b)  -> (artifact id: 'f3ad67474f5b997e06915d062d5765f3') in 0.237926 seconds
  Import took 0.240789 seconds .

========================================================================
Received Import Request.
  Time since last request: 1.458143 seconds.
  path: Assets/Animations/New Animation.anim
  artifactKey: Guid(de58e406f00e244048a4a1884179131d) Importer(815301076,1909f56bfc062723c751e8b465ee728b)
Start importing Assets/Animations/New Animation.anim using Guid(de58e406f00e244048a4a1884179131d) Importer(815301076,1909f56bfc062723c751e8b465ee728b)  -> (artifact id: 'fb28e43acd31b2955c656a0992115386') in 0.315815 seconds
  Import took 0.318728 seconds .

========================================================================
Received Import Request.
  Time since last request: 16.655773 seconds.
  path: Assets/Animations/LvlComplete.anim
  artifactKey: Guid(de58e406f00e244048a4a1884179131d) Importer(815301076,1909f56bfc062723c751e8b465ee728b)
Start importing Assets/Animations/LvlComplete.anim using Guid(de58e406f00e244048a4a1884179131d) Importer(815301076,1909f56bfc062723c751e8b465ee728b)  -> (artifact id: '7e0aae22c3a4bfa1fc9ae7f87c0ff71f') in 0.006329 seconds
  Import took 0.012814 seconds .

========================================================================
Received Prepare
Registering precompiled user dll's ...
Registered in 0.000698 seconds.
Begin MonoManager ReloadAssembly
Native extension for OSXStandalone target not found
Native extension for WebGL target not found
Refreshing native plugins compatible for Editor in 0.23 ms, found 1 plugins.
Preloading 0 native plugins for Editor in 0.00 ms.
Mono: successfully reloaded assembly
- Completed reload, in  1.534 seconds
Platform modules already initialized, skipping
Refreshing native plugins compatible for Editor in 0.57 ms, found 1 plugins.
Preloading 0 native plugins for Editor in 0.00 ms.
Unloading 1148 Unused Serialized files (Serialized files now loaded: 0)
System memory in use before: 134.7 MB.
System memory in use after: 134.8 MB.

Unloading 5 unused Assets to reduce memory usage. Loaded Objects now: 1661.
Total: 2.678084 ms (FindLiveObjects: 0.225415 ms CreateObjectMapping: 0.058870 ms MarkObjects: 2.327890 ms  DeleteObjects: 0.062714 ms)

========================================================================
Received Prepare
Registering precompiled user dll's ...
Registered in 0.000536 seconds.
Begin MonoManager ReloadAssembly
Native extension for OSXStandalone target not found
Native extension for WebGL target not found
Refreshing native plugins compatible for Editor in 0.24 ms, found 1 plugins.
Preloading 0 native plugins for Editor in 0.00 ms.
Mono: successfully reloaded assembly
- Completed reload, in  1.367 seconds
Platform modules already initialized, skipping
Refreshing native plugins compatible for Editor in 0.34 ms, found 1 plugins.
Preloading 0 native plugins for Editor in 0.00 ms.
Unloading 1148 Unused Serialized files (Serialized files now loaded: 0)
System memory in use before: 134.9 MB.
System memory in use after: 134.9 MB.

Unloading 5 unused Assets to reduce memory usage. Loaded Objects now: 1664.
Total: 4.203441 ms (FindLiveObjects: 0.369065 ms CreateObjectMapping: 0.082420 ms MarkObjects: 3.657924 ms  DeleteObjects: 0.090923 ms)

========================================================================
Received Prepare
Registering precompiled user dll's ...
Registered in 0.000437 seconds.
Begin MonoManager ReloadAssembly
Native extension for OSXStandalone target not found
Native extension for WebGL target not found
Refreshing native plugins compatible for Editor in 0.58 ms, found 1 plugins.
Preloading 0 native plugins for Editor in 0.00 ms.
Mono: successfully reloaded assembly
- Completed reload, in  1.683 seconds
Platform modules already initialized, skipping
Refreshing native plugins compatible for Editor in 0.23 ms, found 1 plugins.
Preloading 0 native plugins for Editor in 0.00 ms.
Unloading 1148 Unused Serialized files (Serialized files now loaded: 0)
System memory in use before: 135.1 MB.
System memory in use after: 135.1 MB.

Unloading 5 unused Assets to reduce memory usage. Loaded Objects now: 1667.
Total: 3.881170 ms (FindLiveObjects: 0.491347 ms CreateObjectMapping: 0.141773 ms MarkObjects: 3.175823 ms  DeleteObjects: 0.069540 ms)

========================================================================
Received Prepare
Registering precompiled user dll's ...
Registered in 0.000453 seconds.
Begin MonoManager ReloadAssembly
Native extension for OSXStandalone target not found
Native extension for WebGL target not found
Refreshing native plugins compatible for Editor in 0.25 ms, found 1 plugins.
Preloading 0 native plugins for Editor in 0.00 ms.
Mono: successfully reloaded assembly
- Completed reload, in  1.291 seconds
Platform modules already initialized, skipping
Refreshing native plugins compatible for Editor in 0.23 ms, found 1 plugins.
Preloading 0 native plugins for Editor in 0.00 ms.
Unloading 1148 Unused Serialized files (Serialized files now loaded: 0)
System memory in use before: 135.2 MB.
System memory in use after: 135.3 MB.

Unloading 5 unused Assets to reduce memory usage. Loaded Objects now: 1670.
Total: 2.524081 ms (FindLiveObjects: 0.241269 ms CreateObjectMapping: 0.069553 ms MarkObjects: 2.149475 ms  DeleteObjects: 0.061565 ms)

