Using pre-set license

 COMMAND LINE ARGUMENTS:
/Applications/Unity/Hub/Editor/2020.3.6f1/Unity.app/Contents/MacOS/Unity
-adb2
-batchMode
-noUpm
-name
AssetImportWorker0
-projectPath
/Users/gaurav/Unity/Project PPP
-logFile
Logs/AssetImportWorker0.log
-srvPort
61805
Successfully changed project path to: /Users/gaurav/Unity/Project PPP
/Users/gaurav/Unity/Project PPP
Using Asset Import Pipeline V2.
Refreshing native plugins compatible for Editor in 47.81 ms, found 1 plugins.
Preloading 0 native plugins for Editor in 0.00 ms.
Initialize engine version: 2020.3.6f1 (338bb68529b2)
[Subsystems] Discovering subsystems at path /Applications/Unity/Hub/Editor/2020.3.6f1/Unity.app/Contents/Resources/UnitySubsystems
[Subsystems] Discovering subsystems at path /Users/gaurav/Unity/Project PPP/Assets
GfxDevice: creating device client; threaded=0
2023-07-28 17:55:37.393 Unity[65789:12145068] Color LCD preferred device: Intel(R) Iris(TM) Graphics 6000 (low power)
2023-07-28 17:55:37.393 Unity[65789:12145068] Metal devices available: 1
2023-07-28 17:55:37.393 Unity[65789:12145068] 0: Intel(R) Iris(TM) Graphics 6000 (low power)
2023-07-28 17:55:37.394 Unity[65789:12145068] Using device Intel(R) Iris(TM) Graphics 6000 (low power)
Initializing Metal device caps: Intel(R) Iris(TM) Graphics 6000
Initialize mono
Mono path[0] = '/Applications/Unity/Hub/Editor/2020.3.6f1/Unity.app/Contents/Managed'
Mono path[1] = '/Applications/Unity/Hub/Editor/2020.3.6f1/Unity.app/Contents/MonoBleedingEdge/lib/mono/unityjit'
Mono config path = '/Applications/Unity/Hub/Editor/2020.3.6f1/Unity.app/Contents/MonoBleedingEdge/etc'
Using monoOptions --debugger-agent=transport=dt_socket,embedding=1,server=y,suspend=n,address=127.0.0.1:56789
Begin MonoManager ReloadAssembly
Registering precompiled unity dll's ...
Register platform support module: /Applications/Unity/Hub/Editor/2020.3.6f1/PlaybackEngines/WebGLSupport/UnityEditor.WebGL.Extensions.dll
Register platform support module: /Applications/Unity/Hub/Editor/2020.3.6f1/Unity.app/Contents/PlaybackEngines/MacStandaloneSupport/UnityEditor.OSXStandalone.Extensions.dll
Registered in 0.000631 seconds.
Native extension for OSXStandalone target not found
Native extension for WebGL target not found
Refreshing native plugins compatible for Editor in 37.90 ms, found 1 plugins.
Preloading 0 native plugins for Editor in 0.00 ms.
Mono: successfully reloaded assembly
- Completed reload, in  4.142 seconds
Platform modules already initialized, skipping
Registering precompiled user dll's ...
Registered in 0.000428 seconds.
Begin MonoManager ReloadAssembly
Native extension for OSXStandalone target not found
Native extension for WebGL target not found
Refreshing native plugins compatible for Editor in 0.23 ms, found 1 plugins.
Preloading 0 native plugins for Editor in 0.00 ms.
Mono: successfully reloaded assembly
- Completed reload, in  1.359 seconds
Platform modules already initialized, skipping
========================================================================
Worker process is ready to serve import requests
Launching external process: /Applications/Unity/Hub/Editor/2020.3.6f1/Unity.app/Contents/Tools/UnityShaderCompiler
Launched and connected shader compiler UnityShaderCompiler after 0.05 seconds
Refreshing native plugins compatible for Editor in 0.24 ms, found 1 plugins.
Preloading 0 native plugins for Editor in 0.00 ms.
Unloading 1159 Unused Serialized files (Serialized files now loaded: 0)
System memory in use before: 113.9 MB.
System memory in use after: 114.0 MB.

Unloading 10 unused Assets to reduce memory usage. Loaded Objects now: 1602.
Total: 5.601684 ms (FindLiveObjects: 0.718792 ms CreateObjectMapping: 0.313768 ms MarkObjects: 4.412131 ms  DeleteObjects: 0.154599 ms)

========================================================================
Received Import Request.
  path: Assets/Scripts/LvlSelectManager.cs
  artifactKey: Guid(36fadbd9f530c44cb9e62793bfc71665) Importer(815301076,1909f56bfc062723c751e8b465ee728b)
Start importing Assets/Scripts/LvlSelectManager.cs using Guid(36fadbd9f530c44cb9e62793bfc71665) Importer(815301076,1909f56bfc062723c751e8b465ee728b)  -> (artifact id: '00000000000000000000000000000000') in 0.299833 seconds
  ERROR: Build asset version error: assets/scripts/lvlselectmanager.cs in SourceAssetDB has modification time of '2023-07-28T21:55:21Z' while content on disk has modification time of '2023-07-28T21:55:44Z'
  Import took 0.304077 seconds .

========================================================================
Received Import Request.
  Time since last request: 0.060048 seconds.
  path: Assets/Scripts/LvlSelectManager.cs
  artifactKey: Guid(36fadbd9f530c44cb9e62793bfc71665) Importer(815301076,1909f56bfc062723c751e8b465ee728b)
Start importing Assets/Scripts/LvlSelectManager.cs using Guid(36fadbd9f530c44cb9e62793bfc71665) Importer(815301076,1909f56bfc062723c751e8b465ee728b)  -> (artifact id: '00000000000000000000000000000000') in 0.000842 seconds
  ERROR: Build asset version error: assets/scripts/lvlselectmanager.cs in SourceAssetDB has modification time of '2023-07-28T21:55:21Z' while content on disk has modification time of '2023-07-28T21:55:44Z'
  Import took 0.003638 seconds .

========================================================================
Received Import Request.
  Time since last request: 0.099975 seconds.
  path: Assets/Scripts/LvlSelectManager.cs
  artifactKey: Guid(36fadbd9f530c44cb9e62793bfc71665) Importer(815301076,1909f56bfc062723c751e8b465ee728b)
Start importing Assets/Scripts/LvlSelectManager.cs using Guid(36fadbd9f530c44cb9e62793bfc71665) Importer(815301076,1909f56bfc062723c751e8b465ee728b)  -> (artifact id: '00000000000000000000000000000000') in 0.000731 seconds
  ERROR: Build asset version error: assets/scripts/lvlselectmanager.cs in SourceAssetDB has modification time of '2023-07-28T21:55:21Z' while content on disk has modification time of '2023-07-28T21:55:44Z'
  Import took 0.003779 seconds .

========================================================================
Received Import Request.
  Time since last request: 0.088234 seconds.
  path: Assets/Scripts/LvlSelectManager.cs
  artifactKey: Guid(36fadbd9f530c44cb9e62793bfc71665) Importer(815301076,1909f56bfc062723c751e8b465ee728b)
Start importing Assets/Scripts/LvlSelectManager.cs using Guid(36fadbd9f530c44cb9e62793bfc71665) Importer(815301076,1909f56bfc062723c751e8b465ee728b)  -> (artifact id: '00000000000000000000000000000000') in 0.000431 seconds
  ERROR: Build asset version error: assets/scripts/lvlselectmanager.cs in SourceAssetDB has modification time of '2023-07-28T21:55:21Z' while content on disk has modification time of '2023-07-28T21:55:44Z'
  Import took 0.003202 seconds .

========================================================================
Received Import Request.
  Time since last request: 0.096484 seconds.
  path: Assets/Scripts/LvlSelectManager.cs
  artifactKey: Guid(36fadbd9f530c44cb9e62793bfc71665) Importer(815301076,1909f56bfc062723c751e8b465ee728b)
Start importing Assets/Scripts/LvlSelectManager.cs using Guid(36fadbd9f530c44cb9e62793bfc71665) Importer(815301076,1909f56bfc062723c751e8b465ee728b)  -> (artifact id: '00000000000000000000000000000000') in 0.000625 seconds
  ERROR: Build asset version error: assets/scripts/lvlselectmanager.cs in SourceAssetDB has modification time of '2023-07-28T21:55:21Z' while content on disk has modification time of '2023-07-28T21:55:44Z'
  Import took 0.003533 seconds .

========================================================================
Received Import Request.
  Time since last request: 0.101617 seconds.
  path: Assets/Scripts/LvlSelectManager.cs
  artifactKey: Guid(36fadbd9f530c44cb9e62793bfc71665) Importer(815301076,1909f56bfc062723c751e8b465ee728b)
Start importing Assets/Scripts/LvlSelectManager.cs using Guid(36fadbd9f530c44cb9e62793bfc71665) Importer(815301076,1909f56bfc062723c751e8b465ee728b)  -> (artifact id: '00000000000000000000000000000000') in 0.000577 seconds
  ERROR: Build asset version error: assets/scripts/lvlselectmanager.cs in SourceAssetDB has modification time of '2023-07-28T21:55:21Z' while content on disk has modification time of '2023-07-28T21:55:44Z'
  Import took 0.004675 seconds .

========================================================================
Received Import Request.
  Time since last request: 0.095373 seconds.
  path: Assets/Scripts/LvlSelectManager.cs
  artifactKey: Guid(36fadbd9f530c44cb9e62793bfc71665) Importer(815301076,1909f56bfc062723c751e8b465ee728b)
Start importing Assets/Scripts/LvlSelectManager.cs using Guid(36fadbd9f530c44cb9e62793bfc71665) Importer(815301076,1909f56bfc062723c751e8b465ee728b)  -> (artifact id: '00000000000000000000000000000000') in 0.000518 seconds
  ERROR: Build asset version error: assets/scripts/lvlselectmanager.cs in SourceAssetDB has modification time of '2023-07-28T21:55:21Z' while content on disk has modification time of '2023-07-28T21:55:44Z'
  Import took 0.003092 seconds .

========================================================================
Received Import Request.
  Time since last request: 0.093102 seconds.
  path: Assets/Scripts/LvlSelectManager.cs
  artifactKey: Guid(36fadbd9f530c44cb9e62793bfc71665) Importer(815301076,1909f56bfc062723c751e8b465ee728b)
Start importing Assets/Scripts/LvlSelectManager.cs using Guid(36fadbd9f530c44cb9e62793bfc71665) Importer(815301076,1909f56bfc062723c751e8b465ee728b)  -> (artifact id: '00000000000000000000000000000000') in 0.000579 seconds
  ERROR: Build asset version error: assets/scripts/lvlselectmanager.cs in SourceAssetDB has modification time of '2023-07-28T21:55:21Z' while content on disk has modification time of '2023-07-28T21:55:44Z'
  Import took 0.006880 seconds .

========================================================================
Received Import Request.
  Time since last request: 0.097651 seconds.
  path: Assets/Scripts/LvlSelectManager.cs
  artifactKey: Guid(36fadbd9f530c44cb9e62793bfc71665) Importer(815301076,1909f56bfc062723c751e8b465ee728b)
Start importing Assets/Scripts/LvlSelectManager.cs using Guid(36fadbd9f530c44cb9e62793bfc71665) Importer(815301076,1909f56bfc062723c751e8b465ee728b)  -> (artifact id: '00000000000000000000000000000000') in 0.000560 seconds
  ERROR: Build asset version error: assets/scripts/lvlselectmanager.cs in SourceAssetDB has modification time of '2023-07-28T21:55:21Z' while content on disk has modification time of '2023-07-28T21:55:44Z'
  Import took 0.003690 seconds .

========================================================================
Received Import Request.
  Time since last request: 0.090861 seconds.
  path: Assets/Scripts/LvlSelectManager.cs
  artifactKey: Guid(36fadbd9f530c44cb9e62793bfc71665) Importer(815301076,1909f56bfc062723c751e8b465ee728b)
Start importing Assets/Scripts/LvlSelectManager.cs using Guid(36fadbd9f530c44cb9e62793bfc71665) Importer(815301076,1909f56bfc062723c751e8b465ee728b)  -> (artifact id: '00000000000000000000000000000000') in 0.000739 seconds
  ERROR: Build asset version error: assets/scripts/lvlselectmanager.cs in SourceAssetDB has modification time of '2023-07-28T21:55:21Z' while content on disk has modification time of '2023-07-28T21:55:44Z'
  Import took 0.003829 seconds .

========================================================================
Received Import Request.
  Time since last request: 0.100984 seconds.
  path: Assets/Scripts/LvlSelectManager.cs
  artifactKey: Guid(36fadbd9f530c44cb9e62793bfc71665) Importer(815301076,1909f56bfc062723c751e8b465ee728b)
Start importing Assets/Scripts/LvlSelectManager.cs using Guid(36fadbd9f530c44cb9e62793bfc71665) Importer(815301076,1909f56bfc062723c751e8b465ee728b)  -> (artifact id: '00000000000000000000000000000000') in 0.000896 seconds
  ERROR: Build asset version error: assets/scripts/lvlselectmanager.cs in SourceAssetDB has modification time of '2023-07-28T21:55:21Z' while content on disk has modification time of '2023-07-28T21:55:44Z'
  Import took 0.003950 seconds .

========================================================================
Received Import Request.
  Time since last request: 0.096152 seconds.
  path: Assets/Scripts/LvlSelectManager.cs
  artifactKey: Guid(36fadbd9f530c44cb9e62793bfc71665) Importer(815301076,1909f56bfc062723c751e8b465ee728b)
Start importing Assets/Scripts/LvlSelectManager.cs using Guid(36fadbd9f530c44cb9e62793bfc71665) Importer(815301076,1909f56bfc062723c751e8b465ee728b)  -> (artifact id: '00000000000000000000000000000000') in 0.000528 seconds
  ERROR: Build asset version error: assets/scripts/lvlselectmanager.cs in SourceAssetDB has modification time of '2023-07-28T21:55:21Z' while content on disk has modification time of '2023-07-28T21:55:44Z'
  Import took 0.003040 seconds .

========================================================================
Received Import Request.
  Time since last request: 0.094507 seconds.
  path: Assets/Scripts/LvlSelectManager.cs
  artifactKey: Guid(36fadbd9f530c44cb9e62793bfc71665) Importer(815301076,1909f56bfc062723c751e8b465ee728b)
Start importing Assets/Scripts/LvlSelectManager.cs using Guid(36fadbd9f530c44cb9e62793bfc71665) Importer(815301076,1909f56bfc062723c751e8b465ee728b)  -> (artifact id: '00000000000000000000000000000000') in 0.001000 seconds
  ERROR: Build asset version error: assets/scripts/lvlselectmanager.cs in SourceAssetDB has modification time of '2023-07-28T21:55:21Z' while content on disk has modification time of '2023-07-28T21:55:44Z'
  Import took 0.005791 seconds .

========================================================================
Received Import Request.
  Time since last request: 0.091240 seconds.
  path: Assets/Scripts/LvlSelectManager.cs
  artifactKey: Guid(36fadbd9f530c44cb9e62793bfc71665) Importer(815301076,1909f56bfc062723c751e8b465ee728b)
Start importing Assets/Scripts/LvlSelectManager.cs using Guid(36fadbd9f530c44cb9e62793bfc71665) Importer(815301076,1909f56bfc062723c751e8b465ee728b)  -> (artifact id: '00000000000000000000000000000000') in 0.000541 seconds
  ERROR: Build asset version error: assets/scripts/lvlselectmanager.cs in SourceAssetDB has modification time of '2023-07-28T21:55:21Z' while content on disk has modification time of '2023-07-28T21:55:44Z'
  Import took 0.003031 seconds .

========================================================================
Received Import Request.
  Time since last request: 0.104550 seconds.
  path: Assets/Scripts/LvlSelectManager.cs
  artifactKey: Guid(36fadbd9f530c44cb9e62793bfc71665) Importer(815301076,1909f56bfc062723c751e8b465ee728b)
Start importing Assets/Scripts/LvlSelectManager.cs using Guid(36fadbd9f530c44cb9e62793bfc71665) Importer(815301076,1909f56bfc062723c751e8b465ee728b)  -> (artifact id: '00000000000000000000000000000000') in 0.000567 seconds
  ERROR: Build asset version error: assets/scripts/lvlselectmanager.cs in SourceAssetDB has modification time of '2023-07-28T21:55:21Z' while content on disk has modification time of '2023-07-28T21:55:44Z'
  Import took 0.003380 seconds .

========================================================================
Received Import Request.
  Time since last request: 0.094637 seconds.
  path: Assets/Scripts/LvlSelectManager.cs
  artifactKey: Guid(36fadbd9f530c44cb9e62793bfc71665) Importer(815301076,1909f56bfc062723c751e8b465ee728b)
Start importing Assets/Scripts/LvlSelectManager.cs using Guid(36fadbd9f530c44cb9e62793bfc71665) Importer(815301076,1909f56bfc062723c751e8b465ee728b)  -> (artifact id: '00000000000000000000000000000000') in 0.000681 seconds
  ERROR: Build asset version error: assets/scripts/lvlselectmanager.cs in SourceAssetDB has modification time of '2023-07-28T21:55:21Z' while content on disk has modification time of '2023-07-28T21:55:44Z'
  Import took 0.003123 seconds .

========================================================================
Received Import Request.
  Time since last request: 0.095857 seconds.
  path: Assets/Scripts/LvlSelectManager.cs
  artifactKey: Guid(36fadbd9f530c44cb9e62793bfc71665) Importer(815301076,1909f56bfc062723c751e8b465ee728b)
Start importing Assets/Scripts/LvlSelectManager.cs using Guid(36fadbd9f530c44cb9e62793bfc71665) Importer(815301076,1909f56bfc062723c751e8b465ee728b)  -> (artifact id: '00000000000000000000000000000000') in 0.000603 seconds
  ERROR: Build asset version error: assets/scripts/lvlselectmanager.cs in SourceAssetDB has modification time of '2023-07-28T21:55:21Z' while content on disk has modification time of '2023-07-28T21:55:44Z'
  Import took 0.004678 seconds .

========================================================================
Received Import Request.
  Time since last request: 0.096351 seconds.
  path: Assets/Scripts/LvlSelectManager.cs
  artifactKey: Guid(36fadbd9f530c44cb9e62793bfc71665) Importer(815301076,1909f56bfc062723c751e8b465ee728b)
Start importing Assets/Scripts/LvlSelectManager.cs using Guid(36fadbd9f530c44cb9e62793bfc71665) Importer(815301076,1909f56bfc062723c751e8b465ee728b)  -> (artifact id: '00000000000000000000000000000000') in 0.000499 seconds
  ERROR: Build asset version error: assets/scripts/lvlselectmanager.cs in SourceAssetDB has modification time of '2023-07-28T21:55:21Z' while content on disk has modification time of '2023-07-28T21:55:44Z'
  Import took 0.002906 seconds .

========================================================================
Received Import Request.
  Time since last request: 0.095703 seconds.
  path: Assets/Scripts/LvlSelectManager.cs
  artifactKey: Guid(36fadbd9f530c44cb9e62793bfc71665) Importer(815301076,1909f56bfc062723c751e8b465ee728b)
Start importing Assets/Scripts/LvlSelectManager.cs using Guid(36fadbd9f530c44cb9e62793bfc71665) Importer(815301076,1909f56bfc062723c751e8b465ee728b)  -> (artifact id: '00000000000000000000000000000000') in 0.000691 seconds
  ERROR: Build asset version error: assets/scripts/lvlselectmanager.cs in SourceAssetDB has modification time of '2023-07-28T21:55:21Z' while content on disk has modification time of '2023-07-28T21:55:44Z'
  Import took 0.003474 seconds .

========================================================================
Received Import Request.
  Time since last request: 0.097829 seconds.
  path: Assets/Scripts/LvlSelectManager.cs
  artifactKey: Guid(36fadbd9f530c44cb9e62793bfc71665) Importer(815301076,1909f56bfc062723c751e8b465ee728b)
Start importing Assets/Scripts/LvlSelectManager.cs using Guid(36fadbd9f530c44cb9e62793bfc71665) Importer(815301076,1909f56bfc062723c751e8b465ee728b)  -> (artifact id: '00000000000000000000000000000000') in 0.000532 seconds
  ERROR: Build asset version error: assets/scripts/lvlselectmanager.cs in SourceAssetDB has modification time of '2023-07-28T21:55:21Z' while content on disk has modification time of '2023-07-28T21:55:44Z'
  Import took 0.002833 seconds .

========================================================================
Received Import Request.
  Time since last request: 0.092724 seconds.
  path: Assets/Scripts/LvlSelectManager.cs
  artifactKey: Guid(36fadbd9f530c44cb9e62793bfc71665) Importer(815301076,1909f56bfc062723c751e8b465ee728b)
Start importing Assets/Scripts/LvlSelectManager.cs using Guid(36fadbd9f530c44cb9e62793bfc71665) Importer(815301076,1909f56bfc062723c751e8b465ee728b)  -> (artifact id: '00000000000000000000000000000000') in 0.000691 seconds
  ERROR: Build asset version error: assets/scripts/lvlselectmanager.cs in SourceAssetDB has modification time of '2023-07-28T21:55:21Z' while content on disk has modification time of '2023-07-28T21:55:44Z'
  Import took 0.005139 seconds .

========================================================================
Received Import Request.
  Time since last request: 0.098215 seconds.
  path: Assets/Scripts/LvlSelectManager.cs
  artifactKey: Guid(36fadbd9f530c44cb9e62793bfc71665) Importer(815301076,1909f56bfc062723c751e8b465ee728b)
Start importing Assets/Scripts/LvlSelectManager.cs using Guid(36fadbd9f530c44cb9e62793bfc71665) Importer(815301076,1909f56bfc062723c751e8b465ee728b)  -> (artifact id: '00000000000000000000000000000000') in 0.000605 seconds
  ERROR: Build asset version error: assets/scripts/lvlselectmanager.cs in SourceAssetDB has modification time of '2023-07-28T21:55:21Z' while content on disk has modification time of '2023-07-28T21:55:44Z'
  Import took 0.004497 seconds .

========================================================================
Received Import Request.
  Time since last request: 0.099030 seconds.
  path: Assets/Scripts/LvlSelectManager.cs
  artifactKey: Guid(36fadbd9f530c44cb9e62793bfc71665) Importer(815301076,1909f56bfc062723c751e8b465ee728b)
Start importing Assets/Scripts/LvlSelectManager.cs using Guid(36fadbd9f530c44cb9e62793bfc71665) Importer(815301076,1909f56bfc062723c751e8b465ee728b)  -> (artifact id: '00000000000000000000000000000000') in 0.000694 seconds
  ERROR: Build asset version error: assets/scripts/lvlselectmanager.cs in SourceAssetDB has modification time of '2023-07-28T21:55:21Z' while content on disk has modification time of '2023-07-28T21:55:44Z'
  Import took 0.004971 seconds .

========================================================================
Received Import Request.
  Time since last request: 0.086717 seconds.
  path: Assets/Scripts/LvlSelectManager.cs
  artifactKey: Guid(36fadbd9f530c44cb9e62793bfc71665) Importer(815301076,1909f56bfc062723c751e8b465ee728b)
Start importing Assets/Scripts/LvlSelectManager.cs using Guid(36fadbd9f530c44cb9e62793bfc71665) Importer(815301076,1909f56bfc062723c751e8b465ee728b)  -> (artifact id: '00000000000000000000000000000000') in 0.000758 seconds
  ERROR: Build asset version error: assets/scripts/lvlselectmanager.cs in SourceAssetDB has modification time of '2023-07-28T21:55:21Z' while content on disk has modification time of '2023-07-28T21:55:44Z'
  Import took 0.004455 seconds .

========================================================================
Received Import Request.
  Time since last request: 0.102772 seconds.
  path: Assets/Scripts/LvlSelectManager.cs
  artifactKey: Guid(36fadbd9f530c44cb9e62793bfc71665) Importer(815301076,1909f56bfc062723c751e8b465ee728b)
Start importing Assets/Scripts/LvlSelectManager.cs using Guid(36fadbd9f530c44cb9e62793bfc71665) Importer(815301076,1909f56bfc062723c751e8b465ee728b)  -> (artifact id: '00000000000000000000000000000000') in 0.000655 seconds
  ERROR: Build asset version error: assets/scripts/lvlselectmanager.cs in SourceAssetDB has modification time of '2023-07-28T21:55:21Z' while content on disk has modification time of '2023-07-28T21:55:44Z'
  Import took 0.004098 seconds .

========================================================================
Received Import Request.
  Time since last request: 0.091802 seconds.
  path: Assets/Scripts/LvlSelectManager.cs
  artifactKey: Guid(36fadbd9f530c44cb9e62793bfc71665) Importer(815301076,1909f56bfc062723c751e8b465ee728b)
Start importing Assets/Scripts/LvlSelectManager.cs using Guid(36fadbd9f530c44cb9e62793bfc71665) Importer(815301076,1909f56bfc062723c751e8b465ee728b)  -> (artifact id: '00000000000000000000000000000000') in 0.000610 seconds
  ERROR: Build asset version error: assets/scripts/lvlselectmanager.cs in SourceAssetDB has modification time of '2023-07-28T21:55:21Z' while content on disk has modification time of '2023-07-28T21:55:44Z'
  Import took 0.004311 seconds .

========================================================================
Received Import Request.
  Time since last request: 0.095284 seconds.
  path: Assets/Scripts/LvlSelectManager.cs
  artifactKey: Guid(36fadbd9f530c44cb9e62793bfc71665) Importer(815301076,1909f56bfc062723c751e8b465ee728b)
Start importing Assets/Scripts/LvlSelectManager.cs using Guid(36fadbd9f530c44cb9e62793bfc71665) Importer(815301076,1909f56bfc062723c751e8b465ee728b)  -> (artifact id: '00000000000000000000000000000000') in 0.000564 seconds
  ERROR: Build asset version error: assets/scripts/lvlselectmanager.cs in SourceAssetDB has modification time of '2023-07-28T21:55:21Z' while content on disk has modification time of '2023-07-28T21:55:44Z'
  Import took 0.003527 seconds .

========================================================================
Received Import Request.
  Time since last request: 0.097164 seconds.
  path: Assets/Scripts/LvlSelectManager.cs
  artifactKey: Guid(36fadbd9f530c44cb9e62793bfc71665) Importer(815301076,1909f56bfc062723c751e8b465ee728b)
Start importing Assets/Scripts/LvlSelectManager.cs using Guid(36fadbd9f530c44cb9e62793bfc71665) Importer(815301076,1909f56bfc062723c751e8b465ee728b)  -> (artifact id: '00000000000000000000000000000000') in 0.000607 seconds
  ERROR: Build asset version error: assets/scripts/lvlselectmanager.cs in SourceAssetDB has modification time of '2023-07-28T21:55:21Z' while content on disk has modification time of '2023-07-28T21:55:44Z'
  Import took 0.004094 seconds .

========================================================================
Received Import Request.
  Time since last request: 0.095668 seconds.
  path: Assets/Scripts/LvlSelectManager.cs
  artifactKey: Guid(36fadbd9f530c44cb9e62793bfc71665) Importer(815301076,1909f56bfc062723c751e8b465ee728b)
Start importing Assets/Scripts/LvlSelectManager.cs using Guid(36fadbd9f530c44cb9e62793bfc71665) Importer(815301076,1909f56bfc062723c751e8b465ee728b)  -> (artifact id: '00000000000000000000000000000000') in 0.000573 seconds
  ERROR: Build asset version error: assets/scripts/lvlselectmanager.cs in SourceAssetDB has modification time of '2023-07-28T21:55:21Z' while content on disk has modification time of '2023-07-28T21:55:44Z'
  Import took 0.003448 seconds .

========================================================================
Received Import Request.
  Time since last request: 0.093605 seconds.
  path: Assets/Scripts/LvlSelectManager.cs
  artifactKey: Guid(36fadbd9f530c44cb9e62793bfc71665) Importer(815301076,1909f56bfc062723c751e8b465ee728b)
Start importing Assets/Scripts/LvlSelectManager.cs using Guid(36fadbd9f530c44cb9e62793bfc71665) Importer(815301076,1909f56bfc062723c751e8b465ee728b)  -> (artifact id: '00000000000000000000000000000000') in 0.000623 seconds
  ERROR: Build asset version error: assets/scripts/lvlselectmanager.cs in SourceAssetDB has modification time of '2023-07-28T21:55:21Z' while content on disk has modification time of '2023-07-28T21:55:44Z'
  Import took 0.004468 seconds .

========================================================================
Received Import Request.
  Time since last request: 0.093438 seconds.
  path: Assets/Scripts/LvlSelectManager.cs
  artifactKey: Guid(36fadbd9f530c44cb9e62793bfc71665) Importer(815301076,1909f56bfc062723c751e8b465ee728b)
Start importing Assets/Scripts/LvlSelectManager.cs using Guid(36fadbd9f530c44cb9e62793bfc71665) Importer(815301076,1909f56bfc062723c751e8b465ee728b)  -> (artifact id: '00000000000000000000000000000000') in 0.000661 seconds
  ERROR: Build asset version error: assets/scripts/lvlselectmanager.cs in SourceAssetDB has modification time of '2023-07-28T21:55:21Z' while content on disk has modification time of '2023-07-28T21:55:44Z'
  Import took 0.004290 seconds .

========================================================================
Received Import Request.
  Time since last request: 0.102992 seconds.
  path: Assets/Scripts/LvlSelectManager.cs
  artifactKey: Guid(36fadbd9f530c44cb9e62793bfc71665) Importer(815301076,1909f56bfc062723c751e8b465ee728b)
Start importing Assets/Scripts/LvlSelectManager.cs using Guid(36fadbd9f530c44cb9e62793bfc71665) Importer(815301076,1909f56bfc062723c751e8b465ee728b)  -> (artifact id: '00000000000000000000000000000000') in 0.000430 seconds
  ERROR: Build asset version error: assets/scripts/lvlselectmanager.cs in SourceAssetDB has modification time of '2023-07-28T21:55:21Z' while content on disk has modification time of '2023-07-28T21:55:44Z'
  Import took 0.002970 seconds .

========================================================================
Received Import Request.
  Time since last request: 0.111387 seconds.
  path: Assets/Scripts/LvlSelectManager.cs
  artifactKey: Guid(36fadbd9f530c44cb9e62793bfc71665) Importer(815301076,1909f56bfc062723c751e8b465ee728b)
Start importing Assets/Scripts/LvlSelectManager.cs using Guid(36fadbd9f530c44cb9e62793bfc71665) Importer(815301076,1909f56bfc062723c751e8b465ee728b)  -> (artifact id: '00000000000000000000000000000000') in 0.000648 seconds
  ERROR: Build asset version error: assets/scripts/lvlselectmanager.cs in SourceAssetDB has modification time of '2023-07-28T21:55:21Z' while content on disk has modification time of '2023-07-28T21:55:44Z'
  Import took 0.004236 seconds .

========================================================================
Received Import Request.
  Time since last request: 0.074852 seconds.
  path: Assets/Scripts/LvlSelectManager.cs
  artifactKey: Guid(36fadbd9f530c44cb9e62793bfc71665) Importer(815301076,1909f56bfc062723c751e8b465ee728b)
Start importing Assets/Scripts/LvlSelectManager.cs using Guid(36fadbd9f530c44cb9e62793bfc71665) Importer(815301076,1909f56bfc062723c751e8b465ee728b)  -> (artifact id: '00000000000000000000000000000000') in 0.000659 seconds
  ERROR: Build asset version error: assets/scripts/lvlselectmanager.cs in SourceAssetDB has modification time of '2023-07-28T21:55:21Z' while content on disk has modification time of '2023-07-28T21:55:44Z'
  Import took 0.004015 seconds .

========================================================================
Received Import Request.
  Time since last request: 0.096545 seconds.
  path: Assets/Scripts/LvlSelectManager.cs
  artifactKey: Guid(36fadbd9f530c44cb9e62793bfc71665) Importer(815301076,1909f56bfc062723c751e8b465ee728b)
Start importing Assets/Scripts/LvlSelectManager.cs using Guid(36fadbd9f530c44cb9e62793bfc71665) Importer(815301076,1909f56bfc062723c751e8b465ee728b)  -> (artifact id: '00000000000000000000000000000000') in 0.000741 seconds
  ERROR: Build asset version error: assets/scripts/lvlselectmanager.cs in SourceAssetDB has modification time of '2023-07-28T21:55:21Z' while content on disk has modification time of '2023-07-28T21:55:44Z'
  Import took 0.004487 seconds .

========================================================================
Received Import Request.
  Time since last request: 0.167184 seconds.
  path: Assets/Scripts/LvlSelectManager.cs
  artifactKey: Guid(36fadbd9f530c44cb9e62793bfc71665) Importer(815301076,1909f56bfc062723c751e8b465ee728b)
Start importing Assets/Scripts/LvlSelectManager.cs using Guid(36fadbd9f530c44cb9e62793bfc71665) Importer(815301076,1909f56bfc062723c751e8b465ee728b)  -> (artifact id: '00000000000000000000000000000000') in 0.000983 seconds
  ERROR: Build asset version error: assets/scripts/lvlselectmanager.cs in SourceAssetDB has modification time of '2023-07-28T21:55:21Z' while content on disk has modification time of '2023-07-28T21:55:44Z'
  Import took 0.014273 seconds .

========================================================================
Received Prepare
Registering precompiled user dll's ...
Registered in 0.000446 seconds.
Begin MonoManager ReloadAssembly
Native extension for OSXStandalone target not found
Native extension for WebGL target not found
Refreshing native plugins compatible for Editor in 0.26 ms, found 1 plugins.
Preloading 0 native plugins for Editor in 0.00 ms.
Mono: successfully reloaded assembly
- Completed reload, in  1.310 seconds
Platform modules already initialized, skipping
Refreshing native plugins compatible for Editor in 0.23 ms, found 1 plugins.
Preloading 0 native plugins for Editor in 0.00 ms.
Unloading 1154 Unused Serialized files (Serialized files now loaded: 0)
System memory in use before: 115.2 MB.
System memory in use after: 115.2 MB.

Unloading 5 unused Assets to reduce memory usage. Loaded Objects now: 1605.
Total: 3.288491 ms (FindLiveObjects: 0.291268 ms CreateObjectMapping: 0.082920 ms MarkObjects: 2.815063 ms  DeleteObjects: 0.096666 ms)

========================================================================
Received Import Request.
  Time since last request: 6.051264 seconds.
  path: Assets/Scripts/Lvl_SelectManager.cs
  artifactKey: Guid(8a1074351752441febbb21708ffedfa1) Importer(815301076,1909f56bfc062723c751e8b465ee728b)
Start importing Assets/Scripts/Lvl_SelectManager.cs using Guid(8a1074351752441febbb21708ffedfa1) Importer(815301076,1909f56bfc062723c751e8b465ee728b)  -> (artifact id: '850daeae28bd77e36791502c009d67e5') in 0.007788 seconds
  Import took 0.012305 seconds .

========================================================================
Received Import Request.
  Time since last request: 0.000473 seconds.
  path: Assets/Scripts/LvlSelectManager.cs
  artifactKey: Guid(36fadbd9f530c44cb9e62793bfc71665) Importer(815301076,1909f56bfc062723c751e8b465ee728b)
Start importing Assets/Scripts/LvlSelectManager.cs using Guid(36fadbd9f530c44cb9e62793bfc71665) Importer(815301076,1909f56bfc062723c751e8b465ee728b)  -> (artifact id: '65dd0dd4791046c32c65335c58c5c08d') in 0.002611 seconds
  Import took 0.005631 seconds .

========================================================================
Received Prepare
Registering precompiled user dll's ...
Registered in 0.000444 seconds.
Begin MonoManager ReloadAssembly
Native extension for OSXStandalone target not found
Native extension for WebGL target not found
Refreshing native plugins compatible for Editor in 0.24 ms, found 1 plugins.
Preloading 0 native plugins for Editor in 0.00 ms.
Mono: successfully reloaded assembly
- Completed reload, in  1.281 seconds
Platform modules already initialized, skipping
Refreshing native plugins compatible for Editor in 0.24 ms, found 1 plugins.
Preloading 0 native plugins for Editor in 0.00 ms.
Unloading 1153 Unused Serialized files (Serialized files now loaded: 0)
System memory in use before: 115.4 MB.
System memory in use after: 115.5 MB.

Unloading 6 unused Assets to reduce memory usage. Loaded Objects now: 1607.
Total: 2.428692 ms (FindLiveObjects: 0.201657 ms CreateObjectMapping: 0.053663 ms MarkObjects: 2.109483 ms  DeleteObjects: 0.060682 ms)

